Let's start for h:  2 
2d4 1d8 
Let's start for h:  10 
10d6-10 1d6+1 
sum: 5, target: 2, index: 10 , value:  0.6666666666666666 
sum: 5, target: 1, index: 10 , value:  0.8333333333333334 
sum: 5, target: 0, index: 10 , value:  0.16666666666666666 
sum: 10, target: 3, index: 9 , value:  0.7222222222222222 
sum: 10, target: 4, index: 9 , value:  0.6944444444444443 
sum: 10, target: 5, index: 9 , value:  0.5555555555555555 
sum: 10, target: 2, index: 9 , value:  0.7777777777777778 
sum: 15, target: 7, index: 8 , value:  0.6944444444444443 
sum: 10, target: 1, index: 9 , value:  0.9722222222222222 
sum: 15, target: 6, index: 8 , value:  0.736111111111111 
sum: 10, target: 0, index: 9 , value:  0.027777777777777776 
sum: 15, target: 5, index: 8 , value:  0.6249999999999999 
sum: 15, target: 4, index: 8 , value:  0.6990740740740741 
sum: 15, target: 3, index: 8 , value:  0.75 
sum: 20, target: 8, index: 7 , value:  0.6998456790123456 
sum: 15, target: 2, index: 8 , value:  0.7962962962962963 
sum: 20, target: 7, index: 7 , value:  0.7168209876543209 
sum: 15, target: 1, index: 8 , value:  0.9953703703703703 
sum: 20, target: 6, index: 7 , value:  0.7669753086419754 
sum: 15, target: 0, index: 8 , value:  0.004629629629629629 
sum: 20, target: 5, index: 7 , value:  0.6450617283950617 
sum: 20, target: 4, index: 7 , value:  0.7075617283950617 
sum: 20, target: 3, index: 7 , value:  0.757716049382716 
sum: 25, target: 8, index: 6 , value:  0.7156635802469135 
sum: 20, target: 2, index: 7 , value:  0.7993827160493826 
sum: 25, target: 7, index: 6 , value:  0.7322530864197531 
sum: 20, target: 1, index: 7 , value:  0.9992283950617284 
sum: 25, target: 6, index: 6 , value:  0.7793209876543209 
sum: 20, target: 0, index: 7 , value:  7.716049382716049E-4 
sum: 25, target: 5, index: 6 , value:  0.6516203703703703 
sum: 25, target: 4, index: 6 , value:  0.7107767489711933 
sum: 25, target: 3, index: 6 , value:  0.7595164609053496 
sum: 30, target: 8, index: 5 , value:  0.72485853909465 
sum: 25, target: 2, index: 6 , value:  0.7998971193415638 
sum: 30, target: 7, index: 5 , value:  0.7388974622770919 
sum: 25, target: 1, index: 6 , value:  0.9998713991769548 
sum: 30, target: 6, index: 5 , value:  0.7835005144032922 
sum: 25, target: 0, index: 6 , value:  1.2860082304526747E-4 
sum: 30, target: 5, index: 5 , value:  0.6536351165980795 
sum: 30, target: 4, index: 5 , value:  0.7116983882030178 
sum: 30, target: 3, index: 5 , value:  0.7599022633744855 
sum: 35, target: 8, index: 4 , value:  0.7287487139917695 
sum: 30, target: 2, index: 5 , value:  0.799982853223594 
sum: 35, target: 7, index: 4 , value:  0.7412694330132602 
sum: 30, target: 1, index: 5 , value:  0.9999785665294925 
sum: 35, target: 6, index: 4 , value:  0.7847829503886602 
sum: 30, target: 0, index: 5 , value:  2.143347050754458E-5 
sum: 35, target: 5, index: 4 , value:  0.6542031035665294 
sum: 35, target: 4, index: 4 , value:  0.7119305841335163 
sum: 35, target: 3, index: 4 , value:  0.7599808527663466 
sum: 40, target: 8, index: 3 , value:  0.7301526063100138 
sum: 35, target: 2, index: 4 , value:  0.7999971422039324 
sum: 40, target: 7, index: 3 , value:  0.7420273443453742 
sum: 35, target: 1, index: 4 , value:  0.9999964277549154 
sum: 40, target: 6, index: 3 , value:  0.78514851013565 
sum: 35, target: 0, index: 4 , value:  3.5722450845907635E-6 
sum: 40, target: 5, index: 3 , value:  0.6543519471117208 
sum: 40, target: 4, index: 3 , value:  0.711984763183966 
sum: 40, target: 3, index: 3 , value:  0.7599963324950464 
sum: 45, target: 8, index: 2 , value:  0.7306102505969618 
sum: 40, target: 2, index: 3 , value:  0.7999995237006554 
sum: 45, target: 7, index: 2 , value:  0.7422514034954021 
sum: 40, target: 1, index: 3 , value:  0.9999994046258193 
sum: 45, target: 6, index: 2 , value:  0.7852467468754764 
sum: 40, target: 0, index: 3 , value:  5.953741807651273E-7 
sum: 45, target: 5, index: 2 , value:  0.654388761081898 
sum: 45, target: 4, index: 2 , value:  0.7119967698966113 
sum: 45, target: 3, index: 2 , value:  0.7599993093659503 
sum: 50, target: 8, index: 1 , value:  0.73074887355205 
sum: 45, target: 2, index: 2 , value:  0.7999999206167759 
sum: 50, target: 7, index: 1 , value:  0.7423138185553523 
sum: 45, target: 1, index: 2 , value:  0.9999999007709699 
sum: 50, target: 6, index: 1 , value:  0.7852719014346136 
sum: 45, target: 0, index: 2 , value:  9.922903012752122E-8 
sum: 50, target: 5, index: 1 , value:  0.654397460160206 
sum: 50, target: 4, index: 1 , value:  0.711999333313223 
sum: 50, target: 3, index: 1 , value:  0.7599998716637878 
sum: 55, target: 8, index: 0 , value:  0.7307885431132054 
Let's start for h:  8 
1d4+4 2d4 3d4-4 
sum: 3, target: 1, index: 5 , value:  0.75 
sum: 3, target: 0, index: 5 , value:  0.25 
sum: 6, target: 2, index: 4 , value:  0.6875 
sum: 6, target: 1, index: 4 , value:  0.9375 
sum: 6, target: 0, index: 4 , value:  0.0625 
sum: 9, target: 2, index: 3 , value:  0.671875 
sum: 9, target: 1, index: 3 , value:  0.984375 
sum: 9, target: 0, index: 3 , value:  0.015625 
sum: 12, target: 2, index: 2 , value:  0.66796875 
sum: 12, target: 1, index: 2 , value:  0.99609375 
sum: 12, target: 0, index: 2 , value:  0.00390625 
sum: 15, target: 2, index: 1 , value:  0.6669921875 
sum: 15, target: 1, index: 1 , value:  0.9990234375 
sum: 15, target: 0, index: 1 , value:  9.765625E-4 
sum: 18, target: 2, index: 0 , value:  0.666748046875 
Let's start for h:  40 
10d4 5d8 2d20 
sum: 3, target: 1, index: 16 , value:  0.75 
sum: 3, target: 0, index: 16 , value:  0.25 
sum: 6, target: 2, index: 15 , value:  0.6875 
sum: 6, target: 3, index: 15 , value:  0.5 
sum: 6, target: 1, index: 15 , value:  0.9375 
sum: 9, target: 4, index: 14 , value:  0.703125 
sum: 6, target: 0, index: 15 , value:  0.0625 
sum: 9, target: 3, index: 14 , value:  0.546875 
sum: 9, target: 2, index: 14 , value:  0.671875 
sum: 12, target: 5, index: 13 , value:  0.65625 
sum: 12, target: 6, index: 13 , value:  0.625 
sum: 9, target: 1, index: 14 , value:  0.984375 
sum: 12, target: 4, index: 13 , value:  0.7265625 
sum: 15, target: 7, index: 12 , value:  0.666015625 
sum: 9, target: 0, index: 14 , value:  0.015625 
sum: 12, target: 3, index: 13 , value:  0.5546875 
sum: 15, target: 6, index: 12 , value:  0.640625 
sum: 12, target: 2, index: 13 , value:  0.66796875 
sum: 15, target: 5, index: 12 , value:  0.6513671875 
sum: 18, target: 8, index: 11 , value:  0.656005859375 
sum: 18, target: 9, index: 11 , value:  0.6533203125 
sum: 12, target: 1, index: 13 , value:  0.99609375 
sum: 15, target: 4, index: 12 , value:  0.736328125 
sum: 18, target: 7, index: 11 , value:  0.673583984375 
sum: 21, target: 10, index: 10 , value:  0.65972900390625 
sum: 12, target: 0, index: 13 , value:  0.00390625 
sum: 15, target: 3, index: 12 , value:  0.5556640625 
sum: 18, target: 6, index: 11 , value:  0.64599609375 
sum: 21, target: 9, index: 10 , value:  0.6572265625 
sum: 15, target: 2, index: 12 , value:  0.6669921875 
sum: 18, target: 5, index: 11 , value:  0.652587890625 
sum: 21, target: 8, index: 10 , value:  0.65704345703125 
sum: 24, target: 11, index: 9 , value:  0.6584320068359375 
sum: 24, target: 12, index: 9 , value:  0.658477783203125 
sum: 15, target: 1, index: 12 , value:  0.9990234375 
sum: 18, target: 4, index: 11 , value:  0.739501953125 
sum: 21, target: 7, index: 10 , value:  0.67791748046875 
sum: 24, target: 10, index: 9 , value:  0.6629791259765625 
sum: 27, target: 13, index: 8 , value:  0.6595802307128906 
sum: 15, target: 0, index: 12 , value:  9.765625E-4 
sum: 18, target: 3, index: 11 , value:  0.5556640625 
sum: 21, target: 6, index: 10 , value:  0.6484375 
sum: 24, target: 9, index: 9 , value:  0.66015625 
sum: 27, target: 12, index: 8 , value:  0.6600112915039062 
sum: 18, target: 2, index: 11 , value:  0.666748046875 
sum: 21, target: 5, index: 10 , value:  0.65362548828125 
sum: 24, target: 8, index: 9 , value:  0.6592559814453125 
sum: 27, target: 11, index: 8 , value:  0.6602058410644531 
sum: 30, target: 14, index: 7 , value:  0.6598443984985352 
sum: 30, target: 15, index: 7 , value:  0.6597957611083984 
sum: 18, target: 1, index: 11 , value:  0.999755859375 
sum: 21, target: 4, index: 10 , value:  0.74041748046875 
sum: 24, target: 7, index: 9 , value:  0.6800994873046875 
sum: 27, target: 10, index: 8 , value:  0.6656227111816406 
sum: 30, target: 13, index: 7 , value:  0.6613550186157227 
sum: 18, target: 0, index: 11 , value:  2.44140625E-4 
sum: 21, target: 3, index: 10 , value:  0.55560302734375 
sum: 24, target: 6, index: 9 , value:  0.6495208740234375 
sum: 27, target: 9, index: 8 , value:  0.6622581481933594 
sum: 30, target: 12, index: 7 , value:  0.6620244979858398 
sum: 21, target: 2, index: 10 , value:  0.66668701171875 
sum: 24, target: 5, index: 9 , value:  0.654083251953125 
sum: 27, target: 8, index: 8 , value:  0.6607398986816406 
sum: 30, target: 11, index: 7 , value:  0.6622066497802734 
sum: 21, target: 1, index: 10 , value:  0.99993896484375 
sum: 24, target: 4, index: 9 , value:  0.74066162109375 
sum: 27, target: 7, index: 8 , value:  0.68109130859375 
sum: 30, target: 10, index: 7 , value:  0.6674280166625977 
sum: 21, target: 0, index: 10 , value:  6.103515625E-5 
sum: 24, target: 3, index: 9 , value:  0.555572509765625 
sum: 27, target: 6, index: 8 , value:  0.6499595642089844 
sum: 30, target: 9, index: 7 , value:  0.6635122299194336 
sum: 37, target: 16, index: 6 , value:  0.662001371383667 
sum: 37, target: 17, index: 6 , value:  0.6617317199707031 
sum: 37, target: 18, index: 6 , value:  0.6610562801361084 
sum: 24, target: 2, index: 9 , value:  0.6666717529296875 
sum: 27, target: 5, index: 8 , value:  0.6542472839355469 
sum: 30, target: 8, index: 7 , value:  0.6615095138549805 
sum: 37, target: 15, index: 6 , value:  0.6622095108032227 
sum: 24, target: 1, index: 9 , value:  0.9999847412109375 
sum: 27, target: 4, index: 8 , value:  0.74072265625 
sum: 30, target: 7, index: 7 , value:  0.6815052032470703 
sum: 37, target: 14, index: 6 , value:  0.6649231910705566 
sum: 44, target: 21, index: 5 , value:  0.662088930606842 
sum: 44, target: 22, index: 5 , value:  0.6617497205734253 
sum: 24, target: 0, index: 9 , value:  1.52587890625E-5 
sum: 27, target: 3, index: 8 , value:  0.5555610656738281 
sum: 30, target: 6, index: 7 , value:  0.6501226425170898 
sum: 37, target: 13, index: 6 , value:  0.663707971572876 
sum: 44, target: 20, index: 5 , value:  0.6623022556304932 
sum: 27, target: 2, index: 8 , value:  0.6666679382324219 
sum: 30, target: 5, index: 7 , value:  0.6542997360229492 
sum: 37, target: 12, index: 6 , value:  0.6628260612487793 
sum: 44, target: 19, index: 5 , value:  0.6624390482902527 
sum: 27, target: 1, index: 8 , value:  0.9999961853027344 
sum: 30, target: 4, index: 7 , value:  0.7407369613647461 
sum: 37, target: 11, index: 6 , value:  0.6726651191711426 
sum: 44, target: 18, index: 5 , value:  0.663890153169632 
sum: 27, target: 0, index: 8 , value:  3.814697265625E-6 
sum: 30, target: 3, index: 7 , value:  0.5555572509765625 
sum: 37, target: 10, index: 6 , value:  0.6593339443206787 
sum: 44, target: 17, index: 5 , value:  0.6636748611927032 
sum: 30, target: 2, index: 7 , value:  0.6666669845581055 
sum: 37, target: 9, index: 6 , value:  0.6592388153076172 
sum: 44, target: 16, index: 5 , value:  0.6633632481098175 
sum: 51, target: 23, index: 4 , value:  0.662699643522501 
sum: 30, target: 1, index: 7 , value:  0.9999990463256836 
sum: 37, target: 8, index: 6 , value:  0.7012996673583984 
sum: 44, target: 15, index: 5 , value:  0.6682755351066589 
sum: 51, target: 22, index: 4 , value:  0.6634729690849781 
sum: 30, target: 0, index: 7 , value:  9.5367431640625E-7 
sum: 37, target: 7, index: 6 , value:  0.6186110973358154 
sum: 44, target: 14, index: 5 , value:  0.662825733423233 
sum: 51, target: 21, index: 4 , value:  0.6636074706912041 
sum: 37, target: 6, index: 6 , value:  0.6584229469299316 
sum: 44, target: 13, index: 5 , value:  0.6620132029056549 
sum: 51, target: 20, index: 4 , value:  0.6635980047285557 
sum: 37, target: 5, index: 6 , value:  0.7021576166152954 
sum: 44, target: 12, index: 5 , value:  0.6668194085359573 
sum: 51, target: 19, index: 4 , value:  0.6641626488417387 
sum: 37, target: 4, index: 6 , value:  0.7453701496124268 
sum: 44, target: 11, index: 5 , value:  0.6771374195814133 
sum: 51, target: 18, index: 4 , value:  0.6659999452531338 
sum: 37, target: 3, index: 6 , value:  0.7777780294418335 
sum: 44, target: 10, index: 5 , value:  0.6902765333652496 
sum: 51, target: 17, index: 4 , value:  0.669298242777586 
sum: 37, target: 2, index: 6 , value:  0.8333333730697632 
sum: 44, target: 9, index: 5 , value:  0.7120264619588852 
sum: 51, target: 16, index: 4 , value:  0.6753421928733587 
sum: 58, target: 23, index: 3 , value:  0.666022639721632 
sum: 37, target: 1, index: 6 , value:  0.9999998807907104 
sum: 44, target: 8, index: 5 , value:  0.7546215951442719 
sum: 51, target: 15, index: 4 , value:  0.6867494862526655 
sum: 58, target: 22, index: 3 , value:  0.6690288700629026 
sum: 37, target: 0, index: 6 , value:  1.1920928955078125E-7 
sum: 44, target: 7, index: 5 , value:  0.6669591516256332 
sum: 51, target: 14, index: 4 , value:  0.6865849383175373 
sum: 58, target: 21, index: 3 , value:  0.6719178662169725 
sum: 44, target: 6, index: 5 , value:  0.7146327644586563 
sum: 51, target: 13, index: 4 , value:  0.6930608171969652 
sum: 58, target: 20, index: 3 , value:  0.6755995345301926 
sum: 44, target: 5, index: 5 , value:  0.7573298960924149 
sum: 51, target: 12, index: 4 , value:  0.7049754038453102 
sum: 58, target: 19, index: 3 , value:  0.6807717094197869 
sum: 44, target: 4, index: 5 , value:  0.7945601940155029 
sum: 51, target: 11, index: 4 , value:  0.7209430020302534 
sum: 58, target: 18, index: 3 , value:  0.6878692535683513 
sum: 44, target: 3, index: 5 , value:  0.8263889253139496 
sum: 51, target: 10, index: 4 , value:  0.7395994402468204 
sum: 58, target: 17, index: 3 , value:  0.6970691904425621 
sum: 44, target: 2, index: 5 , value:  0.8541666716337204 
sum: 51, target: 9, index: 4 , value:  0.7600857075303793 
sum: 58, target: 16, index: 3 , value:  0.7084176235366613 
sum: 65, target: 23, index: 2 , value:  0.6820870859373827 
sum: 44, target: 1, index: 5 , value:  0.9999999850988388 
sum: 51, target: 8, index: 4 , value:  0.7960823979228735 
sum: 58, target: 15, index: 3 , value:  0.7235101491678506 
sum: 65, target: 22, index: 2 , value:  0.68927302461816 
sum: 44, target: 0, index: 5 , value:  1.4901161193847656E-8 
sum: 51, target: 7, index: 4 , value:  0.7017547003924847 
sum: 58, target: 14, index: 3 , value:  0.725385800935328 
sum: 65, target: 21, index: 2 , value:  0.6963176409772132 
sum: 51, target: 6, index: 4 , value:  0.7433848064392805 
sum: 58, target: 13, index: 3 , value:  0.7324857844505459 
sum: 65, target: 20, index: 2 , value:  0.7038886307564098 
sum: 51, target: 5, index: 4 , value:  0.7790557108819485 
sum: 58, target: 12, index: 3 , value:  0.7432351461611688 
sum: 65, target: 19, index: 2 , value:  0.7123430822102819 
sum: 51, target: 4, index: 4 , value:  0.8093894738703966 
sum: 58, target: 11, index: 3 , value:  0.7562869049143046 
sum: 65, target: 18, index: 2 , value:  0.7217824816470966 
sum: 51, target: 3, index: 4 , value:  0.8350694496184587 
sum: 58, target: 10, index: 3 , value:  0.7705527108628303 
sum: 65, target: 17, index: 2 , value:  0.7321179138089065 
sum: 51, target: 2, index: 4 , value:  0.856770833954215 
sum: 58, target: 9, index: 3 , value:  0.7851991350762546 
sum: 65, target: 16, index: 2 , value:  0.743134156888118 
sum: 51, target: 1, index: 4 , value:  0.9999999981373549 
sum: 58, target: 8, index: 3 , value:  0.8151884214021266 
sum: 65, target: 15, index: 2 , value:  0.7564805066213012 
sum: 51, target: 0, index: 4 , value:  1.862645149230957E-9 
sum: 58, target: 7, index: 3 , value:  0.715678121894598 
sum: 65, target: 14, index: 2 , value:  0.7555015032121446 
sum: 58, target: 6, index: 3 , value:  0.7529587843455374 
sum: 65, target: 13, index: 2 , value:  0.7589481261384208 
sum: 58, target: 5, index: 3 , value:  0.7850356835406274 
sum: 65, target: 12, index: 2 , value:  0.765516863524681 
sum: 58, target: 4, index: 3 , value:  0.8126537196803838 
sum: 65, target: 11, index: 2 , value:  0.7741941852145828 
sum: 58, target: 3, index: 3 , value:  0.8364800354465842 
sum: 65, target: 10, index: 2 , value:  0.7842183265311178 
sum: 58, target: 2, index: 3 , value:  0.8570963542442769 
sum: 65, target: 9, index: 2 , value:  0.7950362819537986 
sum: 58, target: 1, index: 3 , value:  0.9999999997671694 
sum: 65, target: 8, index: 2 , value:  0.821886390040163 
sum: 58, target: 0, index: 3 , value:  2.3283064365386963E-10 
sum: 65, target: 7, index: 2 , value:  0.719987837394001 
sum: 65, target: 6, index: 2 , value:  0.7555280721571762 
sum: 65, target: 5, index: 2 , value:  0.786408224113984 
sum: 65, target: 4, index: 2 , value:  0.8132787636714056 
sum: 84, target: 23, index: 1 , value:  0.7483964548708173 
sum: 65, target: 3, index: 2 , value:  0.8366970487113576 
sum: 84, target: 22, index: 1 , value:  0.756126953009516 
sum: 65, target: 2, index: 2 , value:  0.8571370442805346 
sum: 84, target: 21, index: 1 , value:  0.7645201539926347 
sum: 65, target: 1, index: 2 , value:  0.9999999999708962 
sum: 84, target: 20, index: 1 , value:  0.7797042719423188 
sum: 65, target: 0, index: 2 , value:  2.9103830456733704E-11 
sum: 84, target: 19, index: 1 , value:  0.7445098404059536 
sum: 84, target: 18, index: 1 , value:  0.7588926862954395 
sum: 84, target: 17, index: 1 , value:  0.7728035622130847 
sum: 84, target: 16, index: 1 , value:  0.7861976665226393 
sum: 84, target: 15, index: 1 , value:  0.7990409586782334 
sum: 84, target: 14, index: 1 , value:  0.8112169333471684 
sum: 84, target: 13, index: 1 , value:  0.8234418581865611 
sum: 84, target: 12, index: 1 , value:  0.8354944518796401 
sum: 84, target: 11, index: 1 , value:  0.847218608703406 
sum: 84, target: 10, index: 1 , value:  0.8585088994426769 
sum: 84, target: 9, index: 1 , value:  0.869297983116121 
sum: 84, target: 8, index: 1 , value:  0.8795461690184311 
sum: 84, target: 7, index: 1 , value:  0.888451849516423 
sum: 84, target: 6, index: 1 , value:  0.9024524576467229 
sum: 84, target: 5, index: 1 , value:  0.9146760540388641 
sum: 84, target: 4, index: 1 , value:  0.9253556428331648 
sum: 103, target: 23, index: 0 , value:  0.8232926727829909 
Let's start for h:  10 
1d10 1d10+1 1d10+2 1d10+3 
