Case #1:
11000000000000000000000000000011 3 4 5 6 7 8 9 10 11 
10100000000000000000000000000101 5 10 17 26 37 50 65 82 101 
11100000000000000000000000000111 7 13 21 31 43 57 73 91 111 
10010000000000000000000000001001 9 28 65 126 217 344 513 730 1001 
10110000000000000000000000001011 11 31 69 131 223 351 521 739 1011 
11010000000000000000000000001101 13 37 81 151 253 393 577 811 1101 
11110000000000000000000000001111 15 40 85 156 259 400 585 820 1111 
10001000000000000000000000010001 17 82 257 626 1297 2402 4097 6562 10001 
10011000000000000000000000010011 19 85 261 631 1303 2409 4105 6571 10011 
10101000000000000000000000010101 21 91 273 651 1333 2451 4161 6643 10101 
10111000000000000000000000010111 23 94 277 656 1339 2458 4169 6652 10111 
11001000000000000000000000011001 25 109 321 751 1513 2745 4609 7291 11001 
11011000000000000000000000011011 27 112 325 756 1519 2752 4617 7300 11011 
11101000000000000000000000011101 29 118 337 776 1549 2794 4673 7372 11101 
11111000000000000000000000011111 31 121 341 781 1555 2801 4681 7381 11111 
10000100000000000000000000100001 33 244 1025 3126 7777 16808 32769 59050 100001 
10001100000000000000000000100011 35 247 1029 3131 7783 16815 32777 59059 100011 
10010100000000000000000000100101 37 253 1041 3151 7813 16857 32833 59131 100101 
10011100000000000000000000100111 39 256 1045 3156 7819 16864 32841 59140 100111 
10100100000000000000000000101001 41 271 1089 3251 7993 17151 33281 59779 101001 
10101100000000000000000000101011 43 274 1093 3256 7999 17158 33289 59788 101011 
10110100000000000000000000101101 45 280 1105 3276 8029 17200 33345 59860 101101 
10111100000000000000000000101111 47 283 1109 3281 8035 17207 33353 59869 101111 
11000100000000000000000000110001 49 325 1281 3751 9073 19209 36865 65611 110001 
11001100000000000000000000110011 51 328 1285 3756 9079 19216 36873 65620 110011 
11010100000000000000000000110101 53 334 1297 3776 9109 19258 36929 65692 110101 
11011100000000000000000000110111 55 337 1301 3781 9115 19265 36937 65701 110111 
11100100000000000000000000111001 57 352 1345 3876 9289 19552 37377 66340 111001 
11101100000000000000000000111011 59 355 1349 3881 9295 19559 37385 66349 111011 
11110100000000000000000000111101 61 361 1361 3901 9325 19601 37441 66421 111101 
11111100000000000000000000111111 63 364 1365 3906 9331 19608 37449 66430 111111 
10000010000000000000000001000001 65 730 4097 15626 46657 117650 262145 531442 1000001 
10000110000000000000000001000011 67 733 4101 15631 46663 117657 262153 531451 1000011 
10001010000000000000000001000101 69 739 4113 15651 46693 117699 262209 531523 1000101 
10001110000000000000000001000111 71 742 4117 15656 46699 117706 262217 531532 1000111 
10010010000000000000000001001001 73 757 4161 15751 46873 117993 262657 532171 1001001 
10010110000000000000000001001011 75 760 4165 15756 46879 118000 262665 532180 1001011 
10011010000000000000000001001101 77 766 4177 15776 46909 118042 262721 532252 1001101 
10011110000000000000000001001111 79 769 4181 15781 46915 118049 262729 532261 1001111 
10100010000000000000000001010001 81 811 4353 16251 47953 120051 266241 538003 1010001 
10100110000000000000000001010011 83 814 4357 16256 47959 120058 266249 538012 1010011 
10101010000000000000000001010101 85 820 4369 16276 47989 120100 266305 538084 1010101 
10101110000000000000000001010111 87 823 4373 16281 47995 120107 266313 538093 1010111 
10110010000000000000000001011001 89 838 4417 16376 48169 120394 266753 538732 1011001 
10110110000000000000000001011011 91 841 4421 16381 48175 120401 266761 538741 1011011 
10111010000000000000000001011101 93 847 4433 16401 48205 120443 266817 538813 1011101 
10111110000000000000000001011111 95 850 4437 16406 48211 120450 266825 538822 1011111 
11000010000000000000000001100001 97 973 5121 18751 54433 134457 294913 590491 1100001 
11000110000000000000000001100011 99 976 5125 18756 54439 134464 294921 590500 1100011 
11001010000000000000000001100101 101 982 5137 18776 54469 134506 294977 590572 1100101 
11001110000000000000000001100111 103 985 5141 18781 54475 134513 294985 590581 1100111 
11010010000000000000000001101001 105 1000 5185 18876 54649 134800 295425 591220 1101001 
11010110000000000000000001101011 107 1003 5189 18881 54655 134807 295433 591229 1101011 
11011010000000000000000001101101 109 1009 5201 18901 54685 134849 295489 591301 1101101 
11011110000000000000000001101111 111 1012 5205 18906 54691 134856 295497 591310 1101111 
11100010000000000000000001110001 113 1054 5377 19376 55729 136858 299009 597052 1110001 
11100110000000000000000001110011 115 1057 5381 19381 55735 136865 299017 597061 1110011 
11101010000000000000000001110101 117 1063 5393 19401 55765 136907 299073 597133 1110101 
11101110000000000000000001110111 119 1066 5397 19406 55771 136914 299081 597142 1110111 
11110010000000000000000001111001 121 1081 5441 19501 55945 137201 299521 597781 1111001 
11110110000000000000000001111011 123 1084 5445 19506 55951 137208 299529 597790 1111011 
11111010000000000000000001111101 125 1090 5457 19526 55981 137250 299585 597862 1111101 
11111110000000000000000001111111 127 1093 5461 19531 55987 137257 299593 597871 1111111 
10000001000000000000000010000001 129 2188 16385 78126 279937 823544 2097153 4782970 10000001 
10000011000000000000000010000011 131 2191 16389 78131 279943 823551 2097161 4782979 10000011 
10000101000000000000000010000101 133 2197 16401 78151 279973 823593 2097217 4783051 10000101 
10000111000000000000000010000111 135 2200 16405 78156 279979 823600 2097225 4783060 10000111 
10001001000000000000000010001001 137 2215 16449 78251 280153 823887 2097665 4783699 10001001 
10001011000000000000000010001011 139 2218 16453 78256 280159 823894 2097673 4783708 10001011 
10001101000000000000000010001101 141 2224 16465 78276 280189 823936 2097729 4783780 10001101 
10001111000000000000000010001111 143 2227 16469 78281 280195 823943 2097737 4783789 10001111 
10010001000000000000000010010001 145 2269 16641 78751 281233 825945 2101249 4789531 10010001 
10010011000000000000000010010011 147 2272 16645 78756 281239 825952 2101257 4789540 10010011 
10010101000000000000000010010101 149 2278 16657 78776 281269 825994 2101313 4789612 10010101 
10010111000000000000000010010111 151 2281 16661 78781 281275 826001 2101321 4789621 10010111 
10011001000000000000000010011001 153 2296 16705 78876 281449 826288 2101761 4790260 10011001 
10011011000000000000000010011011 155 2299 16709 78881 281455 826295 2101769 4790269 10011011 
10011101000000000000000010011101 157 2305 16721 78901 281485 826337 2101825 4790341 10011101 
10011111000000000000000010011111 159 2308 16725 78906 281491 826344 2101833 4790350 10011111 
10100001000000000000000010100001 161 2431 17409 81251 287713 840351 2129921 4842019 10100001 
10100011000000000000000010100011 163 2434 17413 81256 287719 840358 2129929 4842028 10100011 
10100101000000000000000010100101 165 2440 17425 81276 287749 840400 2129985 4842100 10100101 
10100111000000000000000010100111 167 2443 17429 81281 287755 840407 2129993 4842109 10100111 
10101001000000000000000010101001 169 2458 17473 81376 287929 840694 2130433 4842748 10101001 
10101011000000000000000010101011 171 2461 17477 81381 287935 840701 2130441 4842757 10101011 
10101101000000000000000010101101 173 2467 17489 81401 287965 840743 2130497 4842829 10101101 
10101111000000000000000010101111 175 2470 17493 81406 287971 840750 2130505 4842838 10101111 
10110001000000000000000010110001 177 2512 17665 81876 289009 842752 2134017 4848580 10110001 
10110011000000000000000010110011 179 2515 17669 81881 289015 842759 2134025 4848589 10110011 
10110101000000000000000010110101 181 2521 17681 81901 289045 842801 2134081 4848661 10110101 
10110111000000000000000010110111 183 2524 17685 81906 289051 842808 2134089 4848670 10110111 
10111001000000000000000010111001 185 2539 17729 82001 289225 843095 2134529 4849309 10111001 
10111011000000000000000010111011 187 2542 17733 82006 289231 843102 2134537 4849318 10111011 
10111101000000000000000010111101 189 2548 17745 82026 289261 843144 2134593 4849390 10111101 
10111111000000000000000010111111 191 2551 17749 82031 289267 843151 2134601 4849399 10111111 
11000001000000000000000011000001 193 2917 20481 93751 326593 941193 2359297 5314411 11000001 
11000011000000000000000011000011 195 2920 20485 93756 326599 941200 2359305 5314420 11000011 
11000101000000000000000011000101 197 2926 20497 93776 326629 941242 2359361 5314492 11000101 
11000111000000000000000011000111 199 2929 20501 93781 326635 941249 2359369 5314501 11000111 
11001001000000000000000011001001 201 2944 20545 93876 326809 941536 2359809 5315140 11001001 
11001011000000000000000011001011 203 2947 20549 93881 326815 941543 2359817 5315149 11001011 
11001101000000000000000011001101 205 2953 20561 93901 326845 941585 2359873 5315221 11001101 
11001111000000000000000011001111 207 2956 20565 93906 326851 941592 2359881 5315230 11001111 
11010001000000000000000011010001 209 2998 20737 94376 327889 943594 2363393 5320972 11010001 
11010011000000000000000011010011 211 3001 20741 94381 327895 943601 2363401 5320981 11010011 
11010101000000000000000011010101 213 3007 20753 94401 327925 943643 2363457 5321053 11010101 
11010111000000000000000011010111 215 3010 20757 94406 327931 943650 2363465 5321062 11010111 
11011001000000000000000011011001 217 3025 20801 94501 328105 943937 2363905 5321701 11011001 
11011011000000000000000011011011 219 3028 20805 94506 328111 943944 2363913 5321710 11011011 
11011101000000000000000011011101 221 3034 20817 94526 328141 943986 2363969 5321782 11011101 
11011111000000000000000011011111 223 3037 20821 94531 328147 943993 2363977 5321791 11011111 
11100001000000000000000011100001 225 3160 21505 96876 334369 958000 2392065 5373460 11100001 
11100011000000000000000011100011 227 3163 21509 96881 334375 958007 2392073 5373469 11100011 
11100101000000000000000011100101 229 3169 21521 96901 334405 958049 2392129 5373541 11100101 
11100111000000000000000011100111 231 3172 21525 96906 334411 958056 2392137 5373550 11100111 
11101001000000000000000011101001 233 3187 21569 97001 334585 958343 2392577 5374189 11101001 
11101011000000000000000011101011 235 3190 21573 97006 334591 958350 2392585 5374198 11101011 
11101101000000000000000011101101 237 3196 21585 97026 334621 958392 2392641 5374270 11101101 
11101111000000000000000011101111 239 3199 21589 97031 334627 958399 2392649 5374279 11101111 
11110001000000000000000011110001 241 3241 21761 97501 335665 960401 2396161 5380021 11110001 
11110011000000000000000011110011 243 3244 21765 97506 335671 960408 2396169 5380030 11110011 
11110101000000000000000011110101 245 3250 21777 97526 335701 960450 2396225 5380102 11110101 
11110111000000000000000011110111 247 3253 21781 97531 335707 960457 2396233 5380111 11110111 
11111001000000000000000011111001 249 3268 21825 97626 335881 960744 2396673 5380750 11111001 
11111011000000000000000011111011 251 3271 21829 97631 335887 960751 2396681 5380759 11111011 
11111101000000000000000011111101 253 3277 21841 97651 335917 960793 2396737 5380831 11111101 
11111111000000000000000011111111 255 3280 21845 97656 335923 960800 2396745 5380840 11111111 
10000000100000000000000100000001 257 6562 65537 390626 1679617 5764802 16777217 43046722 100000001 
10000001100000000000000100000011 259 6565 65541 390631 1679623 5764809 16777225 43046731 100000011 
10000010100000000000000100000101 261 6571 65553 390651 1679653 5764851 16777281 43046803 100000101 
10000011100000000000000100000111 263 6574 65557 390656 1679659 5764858 16777289 43046812 100000111 
10000100100000000000000100001001 265 6589 65601 390751 1679833 5765145 16777729 43047451 100001001 
10000101100000000000000100001011 267 6592 65605 390756 1679839 5765152 16777737 43047460 100001011 
10000110100000000000000100001101 269 6598 65617 390776 1679869 5765194 16777793 43047532 100001101 
10000111100000000000000100001111 271 6601 65621 390781 1679875 5765201 16777801 43047541 100001111 
10001000100000000000000100010001 273 6643 65793 391251 1680913 5767203 16781313 43053283 100010001 
10001001100000000000000100010011 275 6646 65797 391256 1680919 5767210 16781321 43053292 100010011 
10001010100000000000000100010101 277 6652 65809 391276 1680949 5767252 16781377 43053364 100010101 
10001011100000000000000100010111 279 6655 65813 391281 1680955 5767259 16781385 43053373 100010111 
10001100100000000000000100011001 281 6670 65857 391376 1681129 5767546 16781825 43054012 100011001 
10001101100000000000000100011011 283 6673 65861 391381 1681135 5767553 16781833 43054021 100011011 
10001110100000000000000100011101 285 6679 65873 391401 1681165 5767595 16781889 43054093 100011101 
10001111100000000000000100011111 287 6682 65877 391406 1681171 5767602 16781897 43054102 100011111 
10010000100000000000000100100001 289 6805 66561 393751 1687393 5781609 16809985 43105771 100100001 
10010001100000000000000100100011 291 6808 66565 393756 1687399 5781616 16809993 43105780 100100011 
10010010100000000000000100100101 293 6814 66577 393776 1687429 5781658 16810049 43105852 100100101 
10010011100000000000000100100111 295 6817 66581 393781 1687435 5781665 16810057 43105861 100100111 
10010100100000000000000100101001 297 6832 66625 393876 1687609 5781952 16810497 43106500 100101001 
10010101100000000000000100101011 299 6835 66629 393881 1687615 5781959 16810505 43106509 100101011 
10010110100000000000000100101101 301 6841 66641 393901 1687645 5782001 16810561 43106581 100101101 
10010111100000000000000100101111 303 6844 66645 393906 1687651 5782008 16810569 43106590 100101111 
10011000100000000000000100110001 305 6886 66817 394376 1688689 5784010 16814081 43112332 100110001 
10011001100000000000000100110011 307 6889 66821 394381 1688695 5784017 16814089 43112341 100110011 
10011010100000000000000100110101 309 6895 66833 394401 1688725 5784059 16814145 43112413 100110101 
10011011100000000000000100110111 311 6898 66837 394406 1688731 5784066 16814153 43112422 100110111 
10011100100000000000000100111001 313 6913 66881 394501 1688905 5784353 16814593 43113061 100111001 
10011101100000000000000100111011 315 6916 66885 394506 1688911 5784360 16814601 43113070 100111011 
10011110100000000000000100111101 317 6922 66897 394526 1688941 5784402 16814657 43113142 100111101 
10011111100000000000000100111111 319 6925 66901 394531 1688947 5784409 16814665 43113151 100111111 
10100000100000000000000101000001 321 7291 69633 406251 1726273 5882451 17039361 43578163 101000001 
10100001100000000000000101000011 323 7294 69637 406256 1726279 5882458 17039369 43578172 101000011 
10100010100000000000000101000101 325 7300 69649 406276 1726309 5882500 17039425 43578244 101000101 
10100011100000000000000101000111 327 7303 69653 406281 1726315 5882507 17039433 43578253 101000111 
10100100100000000000000101001001 329 7318 69697 406376 1726489 5882794 17039873 43578892 101001001 
10100101100000000000000101001011 331 7321 69701 406381 1726495 5882801 17039881 43578901 101001011 
10100110100000000000000101001101 333 7327 69713 406401 1726525 5882843 17039937 43578973 101001101 
10100111100000000000000101001111 335 7330 69717 406406 1726531 5882850 17039945 43578982 101001111 
10101000100000000000000101010001 337 7372 69889 406876 1727569 5884852 17043457 43584724 101010001 
10101001100000000000000101010011 339 7375 69893 406881 1727575 5884859 17043465 43584733 101010011 
10101010100000000000000101010101 341 7381 69905 406901 1727605 5884901 17043521 43584805 101010101 
10101011100000000000000101010111 343 7384 69909 406906 1727611 5884908 17043529 43584814 101010111 
10101100100000000000000101011001 345 7399 69953 407001 1727785 5885195 17043969 43585453 101011001 
10101101100000000000000101011011 347 7402 69957 407006 1727791 5885202 17043977 43585462 101011011 
10101110100000000000000101011101 349 7408 69969 407026 1727821 5885244 17044033 43585534 101011101 
10101111100000000000000101011111 351 7411 69973 407031 1727827 5885251 17044041 43585543 101011111 
10110000100000000000000101100001 353 7534 70657 409376 1734049 5899258 17072129 43637212 101100001 
10110001100000000000000101100011 355 7537 70661 409381 1734055 5899265 17072137 43637221 101100011 
10110010100000000000000101100101 357 7543 70673 409401 1734085 5899307 17072193 43637293 101100101 
10110011100000000000000101100111 359 7546 70677 409406 1734091 5899314 17072201 43637302 101100111 
10110100100000000000000101101001 361 7561 70721 409501 1734265 5899601 17072641 43637941 101101001 
10110101100000000000000101101011 363 7564 70725 409506 1734271 5899608 17072649 43637950 101101011 
10110110100000000000000101101101 365 7570 70737 409526 1734301 5899650 17072705 43638022 101101101 
10110111100000000000000101101111 367 7573 70741 409531 1734307 5899657 17072713 43638031 101101111 
10111000100000000000000101110001 369 7615 70913 410001 1735345 5901659 17076225 43643773 101110001 
10111001100000000000000101110011 371 7618 70917 410006 1735351 5901666 17076233 43643782 101110011 
10111010100000000000000101110101 373 7624 70929 410026 1735381 5901708 17076289 43643854 101110101 
10111011100000000000000101110111 375 7627 70933 410031 1735387 5901715 17076297 43643863 101110111 
10111100100000000000000101111001 377 7642 70977 410126 1735561 5902002 17076737 43644502 101111001 
10111101100000000000000101111011 379 7645 70981 410131 1735567 5902009 17076745 43644511 101111011 
10111110100000000000000101111101 381 7651 70993 410151 1735597 5902051 17076801 43644583 101111101 
10111111100000000000000101111111 383 7654 70997 410156 1735603 5902058 17076809 43644592 101111111 
11000000100000000000000110000001 385 8749 81921 468751 1959553 6588345 18874369 47829691 110000001 
11000001100000000000000110000011 387 8752 81925 468756 1959559 6588352 18874377 47829700 110000011 
11000010100000000000000110000101 389 8758 81937 468776 1959589 6588394 18874433 47829772 110000101 
11000011100000000000000110000111 391 8761 81941 468781 1959595 6588401 18874441 47829781 110000111 
11000100100000000000000110001001 393 8776 81985 468876 1959769 6588688 18874881 47830420 110001001 
11000101100000000000000110001011 395 8779 81989 468881 1959775 6588695 18874889 47830429 110001011 
11000110100000000000000110001101 397 8785 82001 468901 1959805 6588737 18874945 47830501 110001101 
11000111100000000000000110001111 399 8788 82005 468906 1959811 6588744 18874953 47830510 110001111 
11001000100000000000000110010001 401 8830 82177 469376 1960849 6590746 18878465 47836252 110010001 
11001001100000000000000110010011 403 8833 82181 469381 1960855 6590753 18878473 47836261 110010011 
11001010100000000000000110010101 405 8839 82193 469401 1960885 6590795 18878529 47836333 110010101 
11001011100000000000000110010111 407 8842 82197 469406 1960891 6590802 18878537 47836342 110010111 
11001100100000000000000110011001 409 8857 82241 469501 1961065 6591089 18878977 47836981 110011001 
11001101100000000000000110011011 411 8860 82245 469506 1961071 6591096 18878985 47836990 110011011 
11001110100000000000000110011101 413 8866 82257 469526 1961101 6591138 18879041 47837062 110011101 
11001111100000000000000110011111 415 8869 82261 469531 1961107 6591145 18879049 47837071 110011111 
11010000100000000000000110100001 417 8992 82945 471876 1967329 6605152 18907137 47888740 110100001 
11010001100000000000000110100011 419 8995 82949 471881 1967335 6605159 18907145 47888749 110100011 
11010010100000000000000110100101 421 9001 82961 471901 1967365 6605201 18907201 47888821 110100101 
11010011100000000000000110100111 423 9004 82965 471906 1967371 6605208 18907209 47888830 110100111 
11010100100000000000000110101001 425 9019 83009 472001 1967545 6605495 18907649 47889469 110101001 
11010101100000000000000110101011 427 9022 83013 472006 1967551 6605502 18907657 47889478 110101011 
11010110100000000000000110101101 429 9028 83025 472026 1967581 6605544 18907713 47889550 110101101 
11010111100000000000000110101111 431 9031 83029 472031 1967587 6605551 18907721 47889559 110101111 
11011000100000000000000110110001 433 9073 83201 472501 1968625 6607553 18911233 47895301 110110001 
11011001100000000000000110110011 435 9076 83205 472506 1968631 6607560 18911241 47895310 110110011 
11011010100000000000000110110101 437 9082 83217 472526 1968661 6607602 18911297 47895382 110110101 
11011011100000000000000110110111 439 9085 83221 472531 1968667 6607609 18911305 47895391 110110111 
11011100100000000000000110111001 441 9100 83265 472626 1968841 6607896 18911745 47896030 110111001 
11011101100000000000000110111011 443 9103 83269 472631 1968847 6607903 18911753 47896039 110111011 
11011110100000000000000110111101 445 9109 83281 472651 1968877 6607945 18911809 47896111 110111101 
11011111100000000000000110111111 447 9112 83285 472656 1968883 6607952 18911817 47896120 110111111 
11100000100000000000000111000001 449 9478 86017 484376 2006209 6705994 19136513 48361132 111000001 
11100001100000000000000111000011 451 9481 86021 484381 2006215 6706001 19136521 48361141 111000011 
11100010100000000000000111000101 453 9487 86033 484401 2006245 6706043 19136577 48361213 111000101 
11100011100000000000000111000111 455 9490 86037 484406 2006251 6706050 19136585 48361222 111000111 
11100100100000000000000111001001 457 9505 86081 484501 2006425 6706337 19137025 48361861 111001001 
11100101100000000000000111001011 459 9508 86085 484506 2006431 6706344 19137033 48361870 111001011 
11100110100000000000000111001101 461 9514 86097 484526 2006461 6706386 19137089 48361942 111001101 
11100111100000000000000111001111 463 9517 86101 484531 2006467 6706393 19137097 48361951 111001111 
11101000100000000000000111010001 465 9559 86273 485001 2007505 6708395 19140609 48367693 111010001 
11101001100000000000000111010011 467 9562 86277 485006 2007511 6708402 19140617 48367702 111010011 
11101010100000000000000111010101 469 9568 86289 485026 2007541 6708444 19140673 48367774 111010101 
11101011100000000000000111010111 471 9571 86293 485031 2007547 6708451 19140681 48367783 111010111 
11101100100000000000000111011001 473 9586 86337 485126 2007721 6708738 19141121 48368422 111011001 
11101101100000000000000111011011 475 9589 86341 485131 2007727 6708745 19141129 48368431 111011011 
11101110100000000000000111011101 477 9595 86353 485151 2007757 6708787 19141185 48368503 111011101 
11101111100000000000000111011111 479 9598 86357 485156 2007763 6708794 19141193 48368512 111011111 
11110000100000000000000111100001 481 9721 87041 487501 2013985 6722801 19169281 48420181 111100001 
11110001100000000000000111100011 483 9724 87045 487506 2013991 6722808 19169289 48420190 111100011 
11110010100000000000000111100101 485 9730 87057 487526 2014021 6722850 19169345 48420262 111100101 
11110011100000000000000111100111 487 9733 87061 487531 2014027 6722857 19169353 48420271 111100111 
11110100100000000000000111101001 489 9748 87105 487626 2014201 6723144 19169793 48420910 111101001 
11110101100000000000000111101011 491 9751 87109 487631 2014207 6723151 19169801 48420919 111101011 
11110110100000000000000111101101 493 9757 87121 487651 2014237 6723193 19169857 48420991 111101101 
11110111100000000000000111101111 495 9760 87125 487656 2014243 6723200 19169865 48421000 111101111 
11111000100000000000000111110001 497 9802 87297 488126 2015281 6725202 19173377 48426742 111110001 
11111001100000000000000111110011 499 9805 87301 488131 2015287 6725209 19173385 48426751 111110011 
11111010100000000000000111110101 501 9811 87313 488151 2015317 6725251 19173441 48426823 111110101 
11111011100000000000000111110111 503 9814 87317 488156 2015323 6725258 19173449 48426832 111110111 
11111100100000000000000111111001 505 9829 87361 488251 2015497 6725545 19173889 48427471 111111001 
11111101100000000000000111111011 507 9832 87365 488256 2015503 6725552 19173897 48427480 111111011 
11111110100000000000000111111101 509 9838 87377 488276 2015533 6725594 19173953 48427552 111111101 
11111111100000000000000111111111 511 9841 87381 488281 2015539 6725601 19173961 48427561 111111111 
10000000010000000000001000000001 513 19684 262145 1953126 10077697 40353608 134217729 387420490 1000000001 
10000000110000000000001000000011 515 19687 262149 1953131 10077703 40353615 134217737 387420499 1000000011 
10000001010000000000001000000101 517 19693 262161 1953151 10077733 40353657 134217793 387420571 1000000101 
10000001110000000000001000000111 519 19696 262165 1953156 10077739 40353664 134217801 387420580 1000000111 
10000010010000000000001000001001 521 19711 262209 1953251 10077913 40353951 134218241 387421219 1000001001 
10000010110000000000001000001011 523 19714 262213 1953256 10077919 40353958 134218249 387421228 1000001011 
10000011010000000000001000001101 525 19720 262225 1953276 10077949 40354000 134218305 387421300 1000001101 
10000011110000000000001000001111 527 19723 262229 1953281 10077955 40354007 134218313 387421309 1000001111 
10000100010000000000001000010001 529 19765 262401 1953751 10078993 40356009 134221825 387427051 1000010001 
10000100110000000000001000010011 531 19768 262405 1953756 10078999 40356016 134221833 387427060 1000010011 
10000101010000000000001000010101 533 19774 262417 1953776 10079029 40356058 134221889 387427132 1000010101 
10000101110000000000001000010111 535 19777 262421 1953781 10079035 40356065 134221897 387427141 1000010111 
10000110010000000000001000011001 537 19792 262465 1953876 10079209 40356352 134222337 387427780 1000011001 
10000110110000000000001000011011 539 19795 262469 1953881 10079215 40356359 134222345 387427789 1000011011 
10000111010000000000001000011101 541 19801 262481 1953901 10079245 40356401 134222401 387427861 1000011101 
10000111110000000000001000011111 543 19804 262485 1953906 10079251 40356408 134222409 387427870 1000011111 
10001000010000000000001000100001 545 19927 263169 1956251 10085473 40370415 134250497 387479539 1000100001 
10001000110000000000001000100011 547 19930 263173 1956256 10085479 40370422 134250505 387479548 1000100011 
10001001010000000000001000100101 549 19936 263185 1956276 10085509 40370464 134250561 387479620 1000100101 
10001001110000000000001000100111 551 19939 263189 1956281 10085515 40370471 134250569 387479629 1000100111 
10001010010000000000001000101001 553 19954 263233 1956376 10085689 40370758 134251009 387480268 1000101001 
10001010110000000000001000101011 555 19957 263237 1956381 10085695 40370765 134251017 387480277 1000101011 
10001011010000000000001000101101 557 19963 263249 1956401 10085725 40370807 134251073 387480349 1000101101 
10001011110000000000001000101111 559 19966 263253 1956406 10085731 40370814 134251081 387480358 1000101111 
10001100010000000000001000110001 561 20008 263425 1956876 10086769 40372816 134254593 387486100 1000110001 
10001100110000000000001000110011 563 20011 263429 1956881 10086775 40372823 134254601 387486109 1000110011 
10001101010000000000001000110101 565 20017 263441 1956901 10086805 40372865 134254657 387486181 1000110101 
10001101110000000000001000110111 567 20020 263445 1956906 10086811 40372872 134254665 387486190 1000110111 
10001110010000000000001000111001 569 20035 263489 1957001 10086985 40373159 134255105 387486829 1000111001 
10001110110000000000001000111011 571 20038 263493 1957006 10086991 40373166 134255113 387486838 1000111011 
10001111010000000000001000111101 573 20044 263505 1957026 10087021 40373208 134255169 387486910 1000111101 
10001111110000000000001000111111 575 20047 263509 1957031 10087027 40373215 134255177 387486919 1000111111 
10010000010000000000001001000001 577 20413 266241 1968751 10124353 40471257 134479873 387951931 1001000001 
10010000110000000000001001000011 579 20416 266245 1968756 10124359 40471264 134479881 387951940 1001000011 
10010001010000000000001001000101 581 20422 266257 1968776 10124389 40471306 134479937 387952012 1001000101 
10010001110000000000001001000111 583 20425 266261 1968781 10124395 40471313 134479945 387952021 1001000111 
10010010010000000000001001001001 585 20440 266305 1968876 10124569 40471600 134480385 387952660 1001001001 
10010010110000000000001001001011 587 20443 266309 1968881 10124575 40471607 134480393 387952669 1001001011 
10010011010000000000001001001101 589 20449 266321 1968901 10124605 40471649 134480449 387952741 1001001101 
10010011110000000000001001001111 591 20452 266325 1968906 10124611 40471656 134480457 387952750 1001001111 
10010100010000000000001001010001 593 20494 266497 1969376 10125649 40473658 134483969 387958492 1001010001 
10010100110000000000001001010011 595 20497 266501 1969381 10125655 40473665 134483977 387958501 1001010011 
10010101010000000000001001010101 597 20503 266513 1969401 10125685 40473707 134484033 387958573 1001010101 
10010101110000000000001001010111 599 20506 266517 1969406 10125691 40473714 134484041 387958582 1001010111 
10010110010000000000001001011001 601 20521 266561 1969501 10125865 40474001 134484481 387959221 1001011001 
10010110110000000000001001011011 603 20524 266565 1969506 10125871 40474008 134484489 387959230 1001011011 
10010111010000000000001001011101 605 20530 266577 1969526 10125901 40474050 134484545 387959302 1001011101 
10010111110000000000001001011111 607 20533 266581 1969531 10125907 40474057 134484553 387959311 1001011111 
10011000010000000000001001100001 609 20656 267265 1971876 10132129 40488064 134512641 388010980 1001100001 
10011000110000000000001001100011 611 20659 267269 1971881 10132135 40488071 134512649 388010989 1001100011 
10011001010000000000001001100101 613 20665 267281 1971901 10132165 40488113 134512705 388011061 1001100101 
10011001110000000000001001100111 615 20668 267285 1971906 10132171 40488120 134512713 388011070 1001100111 
10011010010000000000001001101001 617 20683 267329 1972001 10132345 40488407 134513153 388011709 1001101001 
10011010110000000000001001101011 619 20686 267333 1972006 10132351 40488414 134513161 388011718 1001101011 
10011011010000000000001001101101 621 20692 267345 1972026 10132381 40488456 134513217 388011790 1001101101 
10011011110000000000001001101111 623 20695 267349 1972031 10132387 40488463 134513225 388011799 1001101111 
10011100010000000000001001110001 625 20737 267521 1972501 10133425 40490465 134516737 388017541 1001110001 
10011100110000000000001001110011 627 20740 267525 1972506 10133431 40490472 134516745 388017550 1001110011 
10011101010000000000001001110101 629 20746 267537 1972526 10133461 40490514 134516801 388017622 1001110101 
10011101110000000000001001110111 631 20749 267541 1972531 10133467 40490521 134516809 388017631 1001110111 
10011110010000000000001001111001 633 20764 267585 1972626 10133641 40490808 134517249 388018270 1001111001 
10011110110000000000001001111011 635 20767 267589 1972631 10133647 40490815 134517257 388018279 1001111011 
10011111010000000000001001111101 637 20773 267601 1972651 10133677 40490857 134517313 388018351 1001111101 
10011111110000000000001001111111 639 20776 267605 1972656 10133683 40490864 134517321 388018360 1001111111 
10100000010000000000001010000001 641 21871 278529 2031251 10357633 41177151 136314881 392203459 1010000001 
10100000110000000000001010000011 643 21874 278533 2031256 10357639 41177158 136314889 392203468 1010000011 
10100001010000000000001010000101 645 21880 278545 2031276 10357669 41177200 136314945 392203540 1010000101 
10100001110000000000001010000111 647 21883 278549 2031281 10357675 41177207 136314953 392203549 1010000111 
10100010010000000000001010001001 649 21898 278593 2031376 10357849 41177494 136315393 392204188 1010001001 
10100010110000000000001010001011 651 21901 278597 2031381 10357855 41177501 136315401 392204197 1010001011 
10100011010000000000001010001101 653 21907 278609 2031401 10357885 41177543 136315457 392204269 1010001101 
10100011110000000000001010001111 655 21910 278613 2031406 10357891 41177550 136315465 392204278 1010001111 
10100100010000000000001010010001 657 21952 278785 2031876 10358929 41179552 136318977 392210020 1010010001 
10100100110000000000001010010011 659 21955 278789 2031881 10358935 41179559 136318985 392210029 1010010011 
10100101010000000000001010010101 661 21961 278801 2031901 10358965 41179601 136319041 392210101 1010010101 
10100101110000000000001010010111 663 21964 278805 2031906 10358971 41179608 136319049 392210110 1010010111 
10100110010000000000001010011001 665 21979 278849 2032001 10359145 41179895 136319489 392210749 1010011001 
10100110110000000000001010011011 667 21982 278853 2032006 10359151 41179902 136319497 392210758 1010011011 
10100111010000000000001010011101 669 21988 278865 2032026 10359181 41179944 136319553 392210830 1010011101 
10100111110000000000001010011111 671 21991 278869 2032031 10359187 41179951 136319561 392210839 1010011111 
10101000010000000000001010100001 673 22114 279553 2034376 10365409 41193958 136347649 392262508 1010100001 
10101000110000000000001010100011 675 22117 279557 2034381 10365415 41193965 136347657 392262517 1010100011 
10101001010000000000001010100101 677 22123 279569 2034401 10365445 41194007 136347713 392262589 1010100101 
10101001110000000000001010100111 679 22126 279573 2034406 10365451 41194014 136347721 392262598 1010100111 
10101010010000000000001010101001 681 22141 279617 2034501 10365625 41194301 136348161 392263237 1010101001 
10101010110000000000001010101011 683 22144 279621 2034506 10365631 41194308 136348169 392263246 1010101011 
10101011010000000000001010101101 685 22150 279633 2034526 10365661 41194350 136348225 392263318 1010101101 
10101011110000000000001010101111 687 22153 279637 2034531 10365667 41194357 136348233 392263327 1010101111 
10101100010000000000001010110001 689 22195 279809 2035001 10366705 41196359 136351745 392269069 1010110001 
10101100110000000000001010110011 691 22198 279813 2035006 10366711 41196366 136351753 392269078 1010110011 
10101101010000000000001010110101 693 22204 279825 2035026 10366741 41196408 136351809 392269150 1010110101 
10101101110000000000001010110111 695 22207 279829 2035031 10366747 41196415 136351817 392269159 1010110111 
10101110010000000000001010111001 697 22222 279873 2035126 10366921 41196702 136352257 392269798 1010111001 
10101110110000000000001010111011 699 22225 279877 2035131 10366927 41196709 136352265 392269807 1010111011 
10101111010000000000001010111101 701 22231 279889 2035151 10366957 41196751 136352321 392269879 1010111101 
10101111110000000000001010111111 703 22234 279893 2035156 10366963 41196758 136352329 392269888 1010111111 
10110000010000000000001011000001 705 22600 282625 2046876 10404289 41294800 136577025 392734900 1011000001 
10110000110000000000001011000011 707 22603 282629 2046881 10404295 41294807 136577033 392734909 1011000011 
10110001010000000000001011000101 709 22609 282641 2046901 10404325 41294849 136577089 392734981 1011000101 
10110001110000000000001011000111 711 22612 282645 2046906 10404331 41294856 136577097 392734990 1011000111 
10110010010000000000001011001001 713 22627 282689 2047001 10404505 41295143 136577537 392735629 1011001001 
10110010110000000000001011001011 715 22630 282693 2047006 10404511 41295150 136577545 392735638 1011001011 
10110011010000000000001011001101 717 22636 282705 2047026 10404541 41295192 136577601 392735710 1011001101 
10110011110000000000001011001111 719 22639 282709 2047031 10404547 41295199 136577609 392735719 1011001111 
10110100010000000000001011010001 721 22681 282881 2047501 10405585 41297201 136581121 392741461 1011010001 
10110100110000000000001011010011 723 22684 282885 2047506 10405591 41297208 136581129 392741470 1011010011 
10110101010000000000001011010101 725 22690 282897 2047526 10405621 41297250 136581185 392741542 1011010101 
10110101110000000000001011010111 727 22693 282901 2047531 10405627 41297257 136581193 392741551 1011010111 
10110110010000000000001011011001 729 22708 282945 2047626 10405801 41297544 136581633 392742190 1011011001 
10110110110000000000001011011011 731 22711 282949 2047631 10405807 41297551 136581641 392742199 1011011011 
10110111010000000000001011011101 733 22717 282961 2047651 10405837 41297593 136581697 392742271 1011011101 
10110111110000000000001011011111 735 22720 282965 2047656 10405843 41297600 136581705 392742280 1011011111 
10111000010000000000001011100001 737 22843 283649 2050001 10412065 41311607 136609793 392793949 1011100001 
10111000110000000000001011100011 739 22846 283653 2050006 10412071 41311614 136609801 392793958 1011100011 
10111001010000000000001011100101 741 22852 283665 2050026 10412101 41311656 136609857 392794030 1011100101 
10111001110000000000001011100111 743 22855 283669 2050031 10412107 41311663 136609865 392794039 1011100111 
10111010010000000000001011101001 745 22870 283713 2050126 10412281 41311950 136610305 392794678 1011101001 
10111010110000000000001011101011 747 22873 283717 2050131 10412287 41311957 136610313 392794687 1011101011 
10111011010000000000001011101101 749 22879 283729 2050151 10412317 41311999 136610369 392794759 1011101101 
10111011110000000000001011101111 751 22882 283733 2050156 10412323 41312006 136610377 392794768 1011101111 
10111100010000000000001011110001 753 22924 283905 2050626 10413361 41314008 136613889 392800510 1011110001 
10111100110000000000001011110011 755 22927 283909 2050631 10413367 41314015 136613897 392800519 1011110011 
10111101010000000000001011110101 757 22933 283921 2050651 10413397 41314057 136613953 392800591 1011110101 
10111101110000000000001011110111 759 22936 283925 2050656 10413403 41314064 136613961 392800600 1011110111 
10111110010000000000001011111001 761 22951 283969 2050751 10413577 41314351 136614401 392801239 1011111001 
10111110110000000000001011111011 763 22954 283973 2050756 10413583 41314358 136614409 392801248 1011111011 
10111111010000000000001011111101 765 22960 283985 2050776 10413613 41314400 136614465 392801320 1011111101 
10111111110000000000001011111111 767 22963 283989 2050781 10413619 41314407 136614473 392801329 1011111111 
11000000010000000000001100000001 769 26245 327681 2343751 11757313 46118409 150994945 430467211 1100000001 
11000000110000000000001100000011 771 26248 327685 2343756 11757319 46118416 150994953 430467220 1100000011 
11000001010000000000001100000101 773 26254 327697 2343776 11757349 46118458 150995009 430467292 1100000101 
11000001110000000000001100000111 775 26257 327701 2343781 11757355 46118465 150995017 430467301 1100000111 
11000010010000000000001100001001 777 26272 327745 2343876 11757529 46118752 150995457 430467940 1100001001 
11000010110000000000001100001011 779 26275 327749 2343881 11757535 46118759 150995465 430467949 1100001011 
11000011010000000000001100001101 781 26281 327761 2343901 11757565 46118801 150995521 430468021 1100001101 
11000011110000000000001100001111 783 26284 327765 2343906 11757571 46118808 150995529 430468030 1100001111 
11000100010000000000001100010001 785 26326 327937 2344376 11758609 46120810 150999041 430473772 1100010001 
11000100110000000000001100010011 787 26329 327941 2344381 11758615 46120817 150999049 430473781 1100010011 
11000101010000000000001100010101 789 26335 327953 2344401 11758645 46120859 150999105 430473853 1100010101 
11000101110000000000001100010111 791 26338 327957 2344406 11758651 46120866 150999113 430473862 1100010111 
11000110010000000000001100011001 793 26353 328001 2344501 11758825 46121153 150999553 430474501 1100011001 
11000110110000000000001100011011 795 26356 328005 2344506 11758831 46121160 150999561 430474510 1100011011 
11000111010000000000001100011101 797 26362 328017 2344526 11758861 46121202 150999617 430474582 1100011101 
11000111110000000000001100011111 799 26365 328021 2344531 11758867 46121209 150999625 430474591 1100011111 
11001000010000000000001100100001 801 26488 328705 2346876 11765089 46135216 151027713 430526260 1100100001 
11001000110000000000001100100011 803 26491 328709 2346881 11765095 46135223 151027721 430526269 1100100011 
11001001010000000000001100100101 805 26497 328721 2346901 11765125 46135265 151027777 430526341 1100100101 
11001001110000000000001100100111 807 26500 328725 2346906 11765131 46135272 151027785 430526350 1100100111 
11001010010000000000001100101001 809 26515 328769 2347001 11765305 46135559 151028225 430526989 1100101001 
11001010110000000000001100101011 811 26518 328773 2347006 11765311 46135566 151028233 430526998 1100101011 
11001011010000000000001100101101 813 26524 328785 2347026 11765341 46135608 151028289 430527070 1100101101 
11001011110000000000001100101111 815 26527 328789 2347031 11765347 46135615 151028297 430527079 1100101111 
11001100010000000000001100110001 817 26569 328961 2347501 11766385 46137617 151031809 430532821 1100110001 
11001100110000000000001100110011 819 26572 328965 2347506 11766391 46137624 151031817 430532830 1100110011 
11001101010000000000001100110101 821 26578 328977 2347526 11766421 46137666 151031873 430532902 1100110101 
11001101110000000000001100110111 823 26581 328981 2347531 11766427 46137673 151031881 430532911 1100110111 
11001110010000000000001100111001 825 26596 329025 2347626 11766601 46137960 151032321 430533550 1100111001 
11001110110000000000001100111011 827 26599 329029 2347631 11766607 46137967 151032329 430533559 1100111011 
11001111010000000000001100111101 829 26605 329041 2347651 11766637 46138009 151032385 430533631 1100111101 
11001111110000000000001100111111 831 26608 329045 2347656 11766643 46138016 151032393 430533640 1100111111 
11010000010000000000001101000001 833 26974 331777 2359376 11803969 46236058 151257089 430998652 1101000001 
11010000110000000000001101000011 835 26977 331781 2359381 11803975 46236065 151257097 430998661 1101000011 
11010001010000000000001101000101 837 26983 331793 2359401 11804005 46236107 151257153 430998733 1101000101 
11010001110000000000001101000111 839 26986 331797 2359406 11804011 46236114 151257161 430998742 1101000111 
11010010010000000000001101001001 841 27001 331841 2359501 11804185 46236401 151257601 430999381 1101001001 
11010010110000000000001101001011 843 27004 331845 2359506 11804191 46236408 151257609 430999390 1101001011 
11010011010000000000001101001101 845 27010 331857 2359526 11804221 46236450 151257665 430999462 1101001101 
11010011110000000000001101001111 847 27013 331861 2359531 11804227 46236457 151257673 430999471 1101001111 
11010100010000000000001101010001 849 27055 332033 2360001 11805265 46238459 151261185 431005213 1101010001 
11010100110000000000001101010011 851 27058 332037 2360006 11805271 46238466 151261193 431005222 1101010011 
11010101010000000000001101010101 853 27064 332049 2360026 11805301 46238508 151261249 431005294 1101010101 
11010101110000000000001101010111 855 27067 332053 2360031 11805307 46238515 151261257 431005303 1101010111 
11010110010000000000001101011001 857 27082 332097 2360126 11805481 46238802 151261697 431005942 1101011001 
11010110110000000000001101011011 859 27085 332101 2360131 11805487 46238809 151261705 431005951 1101011011 
11010111010000000000001101011101 861 27091 332113 2360151 11805517 46238851 151261761 431006023 1101011101 
11010111110000000000001101011111 863 27094 332117 2360156 11805523 46238858 151261769 431006032 1101011111 
11011000010000000000001101100001 865 27217 332801 2362501 11811745 46252865 151289857 431057701 1101100001 
11011000110000000000001101100011 867 27220 332805 2362506 11811751 46252872 151289865 431057710 1101100011 
11011001010000000000001101100101 869 27226 332817 2362526 11811781 46252914 151289921 431057782 1101100101 
11011001110000000000001101100111 871 27229 332821 2362531 11811787 46252921 151289929 431057791 1101100111 
11011010010000000000001101101001 873 27244 332865 2362626 11811961 46253208 151290369 431058430 1101101001 
11011010110000000000001101101011 875 27247 332869 2362631 11811967 46253215 151290377 431058439 1101101011 
11011011010000000000001101101101 877 27253 332881 2362651 11811997 46253257 151290433 431058511 1101101101 
11011011110000000000001101101111 879 27256 332885 2362656 11812003 46253264 151290441 431058520 1101101111 
11011100010000000000001101110001 881 27298 333057 2363126 11813041 46255266 151293953 431064262 1101110001 
11011100110000000000001101110011 883 27301 333061 2363131 11813047 46255273 151293961 431064271 1101110011 
11011101010000000000001101110101 885 27307 333073 2363151 11813077 46255315 151294017 431064343 1101110101 
11011101110000000000001101110111 887 27310 333077 2363156 11813083 46255322 151294025 431064352 1101110111 
11011110010000000000001101111001 889 27325 333121 2363251 11813257 46255609 151294465 431064991 1101111001 
11011110110000000000001101111011 891 27328 333125 2363256 11813263 46255616 151294473 431065000 1101111011 
11011111010000000000001101111101 893 27334 333137 2363276 11813293 46255658 151294529 431065072 1101111101 
11011111110000000000001101111111 895 27337 333141 2363281 11813299 46255665 151294537 431065081 1101111111 
11100000010000000000001110000001 897 28432 344065 2421876 12037249 46941952 153092097 435250180 1110000001 
11100000110000000000001110000011 899 28435 344069 2421881 12037255 46941959 153092105 435250189 1110000011 
11100001010000000000001110000101 901 28441 344081 2421901 12037285 46942001 153092161 435250261 1110000101 
11100001110000000000001110000111 903 28444 344085 2421906 12037291 46942008 153092169 435250270 1110000111 
11100010010000000000001110001001 905 28459 344129 2422001 12037465 46942295 153092609 435250909 1110001001 
11100010110000000000001110001011 907 28462 344133 2422006 12037471 46942302 153092617 435250918 1110001011 
11100011010000000000001110001101 909 28468 344145 2422026 12037501 46942344 153092673 435250990 1110001101 
11100011110000000000001110001111 911 28471 344149 2422031 12037507 46942351 153092681 435250999 1110001111 
11100100010000000000001110010001 913 28513 344321 2422501 12038545 46944353 153096193 435256741 1110010001 
11100100110000000000001110010011 915 28516 344325 2422506 12038551 46944360 153096201 435256750 1110010011 
11100101010000000000001110010101 917 28522 344337 2422526 12038581 46944402 153096257 435256822 1110010101 
11100101110000000000001110010111 919 28525 344341 2422531 12038587 46944409 153096265 435256831 1110010111 
11100110010000000000001110011001 921 28540 344385 2422626 12038761 46944696 153096705 435257470 1110011001 
11100110110000000000001110011011 923 28543 344389 2422631 12038767 46944703 153096713 435257479 1110011011 
11100111010000000000001110011101 925 28549 344401 2422651 12038797 46944745 153096769 435257551 1110011101 
11100111110000000000001110011111 927 28552 344405 2422656 12038803 46944752 153096777 435257560 1110011111 
11101000010000000000001110100001 929 28675 345089 2425001 12045025 46958759 153124865 435309229 1110100001 
11101000110000000000001110100011 931 28678 345093 2425006 12045031 46958766 153124873 435309238 1110100011 
11101001010000000000001110100101 933 28684 345105 2425026 12045061 46958808 153124929 435309310 1110100101 
11101001110000000000001110100111 935 28687 345109 2425031 12045067 46958815 153124937 435309319 1110100111 
11101010010000000000001110101001 937 28702 345153 2425126 12045241 46959102 153125377 435309958 1110101001 
11101010110000000000001110101011 939 28705 345157 2425131 12045247 46959109 153125385 435309967 1110101011 
11101011010000000000001110101101 941 28711 345169 2425151 12045277 46959151 153125441 435310039 1110101101 
11101011110000000000001110101111 943 28714 345173 2425156 12045283 46959158 153125449 435310048 1110101111 
11101100010000000000001110110001 945 28756 345345 2425626 12046321 46961160 153128961 435315790 1110110001 
11101100110000000000001110110011 947 28759 345349 2425631 12046327 46961167 153128969 435315799 1110110011 
11101101010000000000001110110101 949 28765 345361 2425651 12046357 46961209 153129025 435315871 1110110101 
11101101110000000000001110110111 951 28768 345365 2425656 12046363 46961216 153129033 435315880 1110110111 
11101110010000000000001110111001 953 28783 345409 2425751 12046537 46961503 153129473 435316519 1110111001 
11101110110000000000001110111011 955 28786 345413 2425756 12046543 46961510 153129481 435316528 1110111011 
11101111010000000000001110111101 957 28792 345425 2425776 12046573 46961552 153129537 435316600 1110111101 
11101111110000000000001110111111 959 28795 345429 2425781 12046579 46961559 153129545 435316609 1110111111 
11110000010000000000001111000001 961 29161 348161 2437501 12083905 47059601 153354241 435781621 1111000001 
11110000110000000000001111000011 963 29164 348165 2437506 12083911 47059608 153354249 435781630 1111000011 
11110001010000000000001111000101 965 29170 348177 2437526 12083941 47059650 153354305 435781702 1111000101 
11110001110000000000001111000111 967 29173 348181 2437531 12083947 47059657 153354313 435781711 1111000111 
11110010010000000000001111001001 969 29188 348225 2437626 12084121 47059944 153354753 435782350 1111001001 
11110010110000000000001111001011 971 29191 348229 2437631 12084127 47059951 153354761 435782359 1111001011 
11110011010000000000001111001101 973 29197 348241 2437651 12084157 47059993 153354817 435782431 1111001101 
11110011110000000000001111001111 975 29200 348245 2437656 12084163 47060000 153354825 435782440 1111001111 
11110100010000000000001111010001 977 29242 348417 2438126 12085201 47062002 153358337 435788182 1111010001 
11110100110000000000001111010011 979 29245 348421 2438131 12085207 47062009 153358345 435788191 1111010011 
11110101010000000000001111010101 981 29251 348433 2438151 12085237 47062051 153358401 435788263 1111010101 
11110101110000000000001111010111 983 29254 348437 2438156 12085243 47062058 153358409 435788272 1111010111 
11110110010000000000001111011001 985 29269 348481 2438251 12085417 47062345 153358849 435788911 1111011001 
11110110110000000000001111011011 987 29272 348485 2438256 12085423 47062352 153358857 435788920 1111011011 
11110111010000000000001111011101 989 29278 348497 2438276 12085453 47062394 153358913 435788992 1111011101 
11110111110000000000001111011111 991 29281 348501 2438281 12085459 47062401 153358921 435789001 1111011111 
11111000010000000000001111100001 993 29404 349185 2440626 12091681 47076408 153387009 435840670 1111100001 
11111000110000000000001111100011 995 29407 349189 2440631 12091687 47076415 153387017 435840679 1111100011 
11111001010000000000001111100101 997 29413 349201 2440651 12091717 47076457 153387073 435840751 1111100101 
11111001110000000000001111100111 999 29416 349205 2440656 12091723 47076464 153387081 435840760 1111100111 
11111010010000000000001111101001 1001 29431 349249 2440751 12091897 47076751 153387521 435841399 1111101001 

