Case #1:
1100000000000011 3 4 5 6 7 8 9 10 11 
1010000000000101 5 10 17 26 37 50 65 82 101 
1110000000000111 7 13 21 31 43 57 73 91 111 
1001000000001001 9 28 65 126 217 344 513 730 1001 
1011000000001011 11 31 69 131 223 351 521 739 1011 
1101000000001101 13 37 81 151 253 393 577 811 1101 
1111000000001111 15 40 85 156 259 400 585 820 1111 
1000100000010001 17 82 257 626 1297 2402 4097 6562 10001 
1001100000010011 19 85 261 631 1303 2409 4105 6571 10011 
1010100000010101 21 91 273 651 1333 2451 4161 6643 10101 
1011100000010111 23 94 277 656 1339 2458 4169 6652 10111 
1100100000011001 25 109 321 751 1513 2745 4609 7291 11001 
1101100000011011 27 112 325 756 1519 2752 4617 7300 11011 
1110100000011101 29 118 337 776 1549 2794 4673 7372 11101 
1111100000011111 31 121 341 781 1555 2801 4681 7381 11111 
1000010000100001 33 244 1025 3126 7777 16808 32769 59050 100001 
1000110000100011 35 247 1029 3131 7783 16815 32777 59059 100011 
1001010000100101 37 253 1041 3151 7813 16857 32833 59131 100101 
1001110000100111 39 256 1045 3156 7819 16864 32841 59140 100111 
1010010000101001 41 271 1089 3251 7993 17151 33281 59779 101001 
1010110000101011 43 274 1093 3256 7999 17158 33289 59788 101011 
1011010000101101 45 280 1105 3276 8029 17200 33345 59860 101101 
1011110000101111 47 283 1109 3281 8035 17207 33353 59869 101111 
1100010000110001 49 325 1281 3751 9073 19209 36865 65611 110001 
1100110000110011 51 328 1285 3756 9079 19216 36873 65620 110011 
1101010000110101 53 334 1297 3776 9109 19258 36929 65692 110101 
1101110000110111 55 337 1301 3781 9115 19265 36937 65701 110111 
1110010000111001 57 352 1345 3876 9289 19552 37377 66340 111001 
1110110000111011 59 355 1349 3881 9295 19559 37385 66349 111011 
1111010000111101 61 361 1361 3901 9325 19601 37441 66421 111101 
1111110000111111 63 364 1365 3906 9331 19608 37449 66430 111111 
1000001001000001 65 730 4097 15626 46657 117650 262145 531442 1000001 
1000011001000011 67 733 4101 15631 46663 117657 262153 531451 1000011 
1000101001000101 69 739 4113 15651 46693 117699 262209 531523 1000101 
1000111001000111 71 742 4117 15656 46699 117706 262217 531532 1000111 
1001001001001001 73 757 4161 15751 46873 117993 262657 532171 1001001 
1001011001001011 75 760 4165 15756 46879 118000 262665 532180 1001011 
1001101001001101 77 766 4177 15776 46909 118042 262721 532252 1001101 
1001111001001111 79 769 4181 15781 46915 118049 262729 532261 1001111 
1010001001010001 81 811 4353 16251 47953 120051 266241 538003 1010001 
1010011001010011 83 814 4357 16256 47959 120058 266249 538012 1010011 
1010101001010101 85 820 4369 16276 47989 120100 266305 538084 1010101 
1010111001010111 87 823 4373 16281 47995 120107 266313 538093 1010111 
1011001001011001 89 838 4417 16376 48169 120394 266753 538732 1011001 
1011011001011011 91 841 4421 16381 48175 120401 266761 538741 1011011 
1011101001011101 93 847 4433 16401 48205 120443 266817 538813 1011101 
1011111001011111 95 850 4437 16406 48211 120450 266825 538822 1011111 
1100001001100001 97 973 5121 18751 54433 134457 294913 590491 1100001 
1100011001100011 99 976 5125 18756 54439 134464 294921 590500 1100011 
1100101001100101 101 982 5137 18776 54469 134506 294977 590572 1100101 

