Case #1: 1 2 
Case #2: 1 
Case #3: IMPOSSIBLE
Case #4: 1 2 
Case #5: 1 2 3 
Case #6: 2 10 
Case #7: 2 1665944009860 3331888019718 4997832029576 6663776039434 8329720049292 9995664059150 11661608069008 13327552078866 14993496088724 16659440098582 18325384108440 19991328118298 21657272128156 23323216138014 24989160147872 26655104157730 28321048167588 29986992177446 31652936187304 33318880197162 34984824207020 36650768216878 38316712226736 39982656236594 41648600246452 43314544256310 44980488266168 46646432276026 48312376285884 49978320295742 51644264305600 53310208315458 54976152325316 56642096335174 58308040345032 59973984354890 61639928364748 63305872374606 64971816384464 66637760394322 68303704404180 69969648414038 71635592423896 73301536433754 74967480443612 76633424453470 78299368463328 79965312473186 
Case #8: 1
Case #9: 2 261382466 522764930 784147394 1045529858 1306912322 1568294786 1829677250 2091059714 2352442178 2613824642 2875207106 3136589570 3397972034 3659354498 3920736962 4182119426 4443501890 4704884354 4966266818 5227649282 
Case #10: 1 2 3 4 5 6 7 8 9 10 11 12 13 14 15 16 17 18 19 20 21 22 23 24 25 26 27 28 29 30 31 32 33 34 35 36 37 38 39 40 41 42 43 44 45 46 47 48 49 50 51 52 53 54 55 56 57 58 59 60 61 62 63 64 65 66 67 68 69 70 71 72 73 74 75 76 77 78 79 80 81 82 83 84 85 86 87 88 89 90 91 92 93 94 95 96 97 98 99 100 
Case #11: IMPOSSIBLE
Case #12: 1
Case #13: IMPOSSIBLE
Case #14: IMPOSSIBLE
Case #15: IMPOSSIBLE
Case #16: 2 56 
Case #17: 1
Case #18: 1
Case #19: IMPOSSIBLE
Case #20: IMPOSSIBLE
Case #21: 1
Case #22: 2 52 102 152 202 252 302 352 402 452 502 552 602 
Case #23: 2 
Case #24: 2 
Case #25: IMPOSSIBLE
Case #26: 2 17174680516 34349361030 51524041544 68698722058 85873402572 103048083086 120222763600 137397444114 154572124628 171746805142 188921485656 206096166170 223270846684 240445527198 257620207712 274794888226 291969568740 309144249254 326318929768 343493610282 360668290796 377842971310 395017651824 412192332338 429367012852 446541693366 463716373880 480891054394 498065734908 515240415422 532415095936 549589776450 566764456964 583939137478 601113817992 618288498506 635463179020 652637859534 669812540048 686987220562 704161901076 721336581590 738511262104 755685942618 772860623132 790035303646 807209984160 824384664674 
Case #27: IMPOSSIBLE
Case #28: 2 
Case #29: 2 332752 665502 998252 1331002 1663752 1996502 2329252 2662002 2994752 3327502 3660252 3993002 4325752 4658502 4991252 5324002 5656752 5989502 6322252 6655002 6987752 7320502 7653252 7986002 8318752 8651502 8984252 
Case #30: 2 7202 14402 21602 28802 36002 43202 50402 57602 64802 72002 79202 86402 93602 100802 108002 115202 122402 129602 136802 144002 151202 158402 165602 172802 180002 187202 194402 201602 208802 
Case #31: IMPOSSIBLE
Case #32: 2 8 
Case #33: 2 
Case #34: 2 45753584909924 
Case #35: IMPOSSIBLE
Case #36: 2 12802 25602 38402 51202 64002 76802 89602 102402 115202 128002 140802 153602 166402 179202 192002 204802 217602 230402 243202 256002 268802 281602 294402 307202 320002 332802 345602 358402 371202 384002 396802 409602 422402 435202 448002 460802 473602 486402 499202 
Case #37: 1
Case #38: 1
Case #39: IMPOSSIBLE
Case #40: IMPOSSIBLE
Case #41: 2 
Case #42: 1
Case #43: 1
Case #44: 1
Case #45: IMPOSSIBLE
Case #46: IMPOSSIBLE
Case #47: 1 2 3 4 
Case #48: IMPOSSIBLE
Case #49: 1
Case #50: IMPOSSIBLE
Case #51: IMPOSSIBLE
Case #52: IMPOSSIBLE
Case #53: IMPOSSIBLE
Case #54: IMPOSSIBLE
Case #55: IMPOSSIBLE
Case #56: IMPOSSIBLE
Case #57: IMPOSSIBLE
Case #58: IMPOSSIBLE
Case #59: 2 202 402 602 802 1002 1202 1402 1602 1802 2002 2202 2402 2602 2802 3002 3202 3402 3602 3802 4002 4202 4402 4602 4802 5002 5202 5402 5602 5802 6002 6202 6402 6602 6802 7002 7202 7402 7602 7802 8002 8202 8402 8602 8802 9002 9202 9402 9602 9802 
Case #60: 2 22224013651116034 44448027302232066 66672040953348098 88896054604464130 111120068255580162 133344081906696194 
Case #61: IMPOSSIBLE
Case #62: IMPOSSIBLE
Case #63: 2 841414466600404 1682828933200806 2524243399801208 3365657866401610 4207072333002012 5048486799602414 5889901266202816 6731315732803218 7572730199403620 8414144666004022 9255559132604424 10096973599204826 10938388065805228 11779802532405630 
Case #64: 2 8 
Case #65: IMPOSSIBLE
Case #66: 2 3954653488 7909306974 11863960460 
Case #67: IMPOSSIBLE
Case #68: IMPOSSIBLE
Case #69: 1
Case #70: 1 2 3 4 5 6 7 8 9 10 11 12 13 14 15 16 17 18 19 20 21 22 23 24 25 26 27 28 29 30 31 32 33 34 35 36 37 38 39 40 41 42 43 44 45 46 47 48 49 50 51 52 53 54 55 56 57 58 59 60 61 62 63 64 65 66 67 68 69 70 71 72 73 74 75 76 77 78 79 80 81 
Case #71: 2 300189270593998244 
Case #72: 2 2251799813685250 4503599627370498 6755399441055746 9007199254740994 11258999068426242 13510798882111490 15762598695796738 18014398509481986 20266198323167234 22517998136852482 24769797950537730 27021597764222978 29273397577908226 31525197391593474 33776997205278722 
Case #73: 2 54002 108002 162002 216002 270002 324002 378002 432002 486002 540002 594002 648002 702002 756002 
Case #74: 1
Case #75: 2 5642219814914 11284439629826 16926659444738 22568879259650 28211099074562 33853318889474 39495538704386 45137758519298 50779978334210 56422198149122 62064417964034 67706637778946 73348857593858 78991077408770 84633297223682 90275517038594 95917736853506 
Case #76: 1 2 3 4 5 6 7 8 9 10 11 12 13 14 15 16 17 18 19 20 21 22 23 24 25 26 27 28 
Case #77: IMPOSSIBLE
Case #78: 2 20 
Case #79: 2 189863754268 379727508534 569591262800 759455017066 949318771332 1139182525598 1329046279864 1518910034130 1708773788396 1898637542662 2088501296928 2278365051194 2468228805460 2658092559726 2847956313992 3037820068258 3227683822524 3417547576790 
Case #80: IMPOSSIBLE
Case #81: IMPOSSIBLE
Case #82: IMPOSSIBLE
Case #83: IMPOSSIBLE
Case #84: 1 2 3 
Case #85: IMPOSSIBLE
Case #86: IMPOSSIBLE
Case #87: 2 200000000002 400000000002 600000000002 800000000002 
Case #88: IMPOSSIBLE
Case #89: IMPOSSIBLE
Case #90: 2 34 
Case #91: IMPOSSIBLE
Case #92: 1 2 3 4 5 6 7 8 
Case #93: IMPOSSIBLE
Case #94: 1
Case #95: 2 2320581252 4641162502 6961743752 9282325002 11602906252 13923487502 16244068752 18564650002 20885231252 23205812502 25526393752 27846975002 30167556252 32488137502 34808718752 37129300002 39449881252 41770462502 44091043752 46411625002 48732206252 51052787502 53373368752 55693950002 58014531252 60335112502 62655693752 64976275002 67296856252 69617437502 71938018752 74258600002 
Case #96: IMPOSSIBLE
Case #97: IMPOSSIBLE
Case #98: 2 33354363399333140 
Case #99: IMPOSSIBLE
Case #100: IMPOSSIBLE
