Case #1: 2 
Case #2: 1 
Case #3: 1 2 
Case #4: 2 8 
Case #5: 2 
Case #6: 2 33554434 
Case #7: 2 1143576 2287150 3430724 4574298 5717872 6861446 8005020 9148594 10292168 11435742 12579316 13722890 14866464 16010038 17153612 18297186 19440760 20584334 21727908 22871482 24015056 25158630 26302204 27445778 28589352 29732926 30876500 32020074 33163648 34307222 35450796 36594370 37737944 38881518 40025092 41168666 42312240 43455814 44599388 45742962 46886536 
Case #8: 2 86093444 172186886 258280328 344373770 430467212 516560654 602654096 688747538 774840980 860934422 947027864 1033121306 1119214748 1205308190 1291401632 1377495074 1463588516 1549681958 1635775400 1721868842 1807962284 1894055726 1980149168 2066242610 2152336052 2238429494 2324522936 2410616378 2496709820 2582803262 2668896704 2754990146 2841083588 2927177030 3013270472 3099363914 3185457356 3271550798 3357644240 3443737682 
Case #9: 2 27074173092527106 54148346185054210 81222519277581314 108296692370108418 135370865462635522 162445038555162626 189519211647689730 216593384740216834 243667557832743938 270741730925271042 297815904017798146 324890077110325250 351964250202852354 379038423295379458 406112596387906562 433186769480433666 460260942572960770 487335115665487874 514409288758014978 541483461850542082 568557634943069186 595631808035596290 622705981128123394 649780154220650498 676854327313177602 703928500405704706 731002673498231810 758076846590758914 785151019683286018 812225192775813122 
Case #10: 2 200000000002 400000000002 600000000002 800000000002 
Case #11: 2 78270788 156541574 234812360 313083146 391353932 469624718 547895504 626166290 704437076 782707862 860978648 939249434 1017520220 1095791006 1174061792 1252332578 
Case #12: 1
Case #13: 2 1470183781252 2940367562502 4410551343752 5880735125002 7350918906252 8821102687502 10291286468752 11761470250002 13231654031252 14701837812502 16172021593752 17642205375002 19112389156252 20582572937502 22052756718752 23522940500002 24993124281252 26463308062502 27933491843752 29403675625002 30873859406252 32344043187502 33814226968752 35284410750002 36754594531252 38224778312502 39694962093752 41165145875002 42635329656252 44105513437502 45575697218752 47045881000002 48516064781252 49986248562502 51456432343752 52926616125002 54396799906252 55866983687502 57337167468752 58807351250002 60277535031252 61747718812502 63217902593752 64688086375002 66158270156252 67628453937502 69098637718752 
Case #14: 2 15059074 30118146 45177218 60236290 75295362 90354434 
Case #15: 2 33967126084 67934252166 101901378248 135868504330 169835630412 203802756494 237769882576 271737008658 305704134740 
Case #16: 2 20000000000000002 40000000000000002 60000000000000002 80000000000000002 100000000000000002 120000000000000002 140000000000000002 160000000000000002 180000000000000002 200000000000000002 220000000000000002 240000000000000002 260000000000000002 280000000000000002 300000000000000002 320000000000000002 340000000000000002 360000000000000002 380000000000000002 400000000000000002 420000000000000002 440000000000000002 460000000000000002 480000000000000002 500000000000000002 520000000000000002 540000000000000002 560000000000000002 580000000000000002 600000000000000002 620000000000000002 640000000000000002 660000000000000002 680000000000000002 700000000000000002 720000000000000002 740000000000000002 760000000000000002 780000000000000002 800000000000000002 820000000000000002 840000000000000002 860000000000000002 880000000000000002 900000000000000002 920000000000000002 940000000000000002 960000000000000002 980000000000000002 
Case #17: 2 63281252 126562502 189843752 253125002 316406252 379687502 442968752 506250002 569531252 632812502 696093752 759375002 822656252 885937502 949218752 1012500002 1075781252 1139062502 1202343752 1265625002 1328906252 1392187502 1455468752 1518750002 1582031252 1645312502 1708593752 1771875002 1835156252 1898437502 1961718752 2025000002 2088281252 2151562502 2214843752 2278125002 2341406252 
Case #18: 2 2414538435586 4829076871170 7243615306754 9658153742338 12072692177922 14487230613506 16901769049090 19316307484674 21730845920258 24145384355842 
Case #19: 2 774840980 
Case #20: 2 34 
Case #21: 2 20002 40002 60002 80002 100002 120002 140002 160002 180002 200002 220002 240002 260002 280002 300002 320002 340002 360002 380002 400002 420002 440002 460002 480002 500002 520002 540002 560002 580002 600002 620002 640002 660002 680002 700002 720002 740002 760002 780002 800002 820002 840002 860002 880002 900002 920002 940002 960002 980002 
Case #22: 2 275716983700 551433967398 827150951096 1102867934794 1378584918492 1654301902190 
Case #23: 2 6837604 13675206 20512808 27350410 34188012 41025614 47863216 54700818 61538420 68376022 75213624 82051226 88888828 95726430 102564032 109401634 116239236 123076838 129914440 136752042 143589644 
Case #24: 2 
Case #25: 1 2 3 4 5 6 7 8 9 10 11 12 13 14 15 16 17 18 19 20 21 22 23 24 25 26 27 28 29 30 31 32 33 34 35 36 37 38 39 40 41 42 43 44 45 46 47 48 49 50 51 52 53 54 55 56 57 58 59 60 61 62 63 64 65 66 67 68 69 70 71 72 73 74 75 76 77 78 79 80 81 82 83 84 85 86 87 88 89 90 91 92 
Case #26: 2 20000000002 40000000002 60000000002 80000000002 
Case #27: 2 144603922678274 289207845356546 433811768034818 578415690713090 723019613391362 867623536069634 1012227458747906 1156831381426178 1301435304104450 1446039226782722 1590643149460994 1735247072139266 1879850994817538 2024454917495810 2169058840174082 2313662762852354 2458266685530626 2602870608208898 2747474530887170 2892078453565442 3036682376243714 3181286298921986 3325890221600258 3470494144278530 3615098066956802 3759701989635074 
Case #28: 1
Case #29: 2 278628139010 557256278018 835884417026 1114512556034 1393140695042 1671768834050 1950396973058 2229025112066 2507653251074 2786281390082 3064909529090 3343537668098 3622165807106 3900793946114 4179422085122 4458050224130 4736678363138 5015306502146 5293934641154 5572562780162 5851190919170 6129819058178 6408447197186 6687075336194 6965703475202 7244331614210 7522959753218 7801587892226 8080216031234 8358844170242 8637472309250 8916100448258 9194728587266 9473356726274 9751984865282 
Case #30: 2 3063157970528900 6126315941057798 9189473911586696 12252631882115594 15315789852644492 18378947823173390 21442105793702288 24505263764231186 27568421734760084 30631579705288982 33694737675817880 36757895646346778 39821053616875676 42884211587404574 45947369557933472 49010527528462370 
Case #31: 2 496311560535044 992623121070086 1488934681605128 1985246242140170 2481557802675212 2977869363210254 3474180923745296 3970492484280338 4466804044815380 4963115605350422 5459427165885464 5955738726420506 6452050286955548 6948361847490590 7444673408025632 7940984968560674 8437296529095716 8933608089630758 9429919650165800 9926231210700842 10422542771235884 10918854331770926 11415165892305968 11911477452841010 12407789013376052 12904100573911094 13400412134446136 13896723694981178 14393035255516220 14889346816051262 15385658376586304 
Case #32: 2 78610 157218 235826 314434 393042 471650 550258 628866 707474 786082 864690 943298 1021906 1100514 1179122 1257730 
Case #33: 2 3892390136718752 7784780273437502 11677170410156252 15569560546875002 19461950683593752 23354340820312502 27246730957031252 
Case #34: 1
Case #35: 2 120932354 241864706 362797058 483729410 604661762 725594114 846526466 967458818 1088391170 1209323522 1330255874 1451188226 1572120578 1693052930 1813985282 1934917634 2055849986 
Case #36: 2 524290 1048578 1572866 
Case #37: 2 11860 23718 35576 47434 59292 71150 83008 94866 106724 118582 130440 142298 154156 166014 177872 189730 201588 213446 225304 237162 249020 260878 272736 284594 296452 308310 320168 332026 343884 355742 367600 379458 391316 403174 415032 426890 438748 450606 
Case #38: 2 50823364 101646726 152470088 203293450 254116812 304940174 355763536 406586898 457410260 508233622 559056984 609880346 660703708 711527070 762350432 813173794 863997156 914820518 965643880 1016467242 1067290604 1118113966 1168937328 1219760690 1270584052 1321407414 1372230776 1423054138 1473877500 1524700862 1575524224 1626347586 1677170948 1727994310 1778817672 
Case #39: 2 21298 42594 63890 85186 106482 127778 149074 170370 191666 212962 
Case #40: 2 
Case #41: 2 33616 67230 100844 
Case #42: 2 154 306 458 610 762 914 1066 1218 1370 1522 1674 1826 1978 2130 2282 2434 2586 2738 2890 3042 3194 3346 3498 3650 3802 3954 4106 4258 4410 4562 4714 4866 5018 5170 5322 5474 5626 
Case #43: 1
Case #44: 2 142 282 422 562 702 842 982 1122 1262 1402 1542 1682 1822 1962 2102 2242 2382 2522 2662 2802 2942 3082 3222 3362 3502 3642 3782 3922 4062 4202 4342 4482 4622 4762 
Case #45: 1 2 3 4 
Case #46: 2 104401252 208802502 313203752 417605002 522006252 626407502 730808752 835210002 939611252 1044012502 1148413752 1252815002 1357216252 1461617502 1566018752 1670420002 1774821252 1879222502 1983623752 2088025002 2192426252 2296827502 2401228752 2505630002 2610031252 2714432502 2818833752 2923235002 3027636252 3132037502 3236438752 3340840002 3445241252 3549642502 3654043752 3758445002 3862846252 3967247502 4071648752 4176050002 4280451252 4384852502 
Case #47: 2 29290389143554 58580778287106 87871167430658 117161556574210 146451945717762 175742334861314 205032724004866 234323113148418 263613502291970 292903891435522 322194280579074 351484669722626 380775058866178 410065448009730 439355837153282 468646226296834 497936615440386 527227004583938 556517393727490 585807782871042 615098172014594 644388561158146 673678950301698 702969339445250 732259728588802 761550117732354 790840506875906 820130896019458 849421285163010 878711674306562 908002063450114 937292452593666 966582841737218 995873230880770 1025163620024322 1054454009167874 1083744398311426 
Case #48: 2 160 318 476 634 792 950 1108 1266 1424 1582 1740 1898 2056 2214 2372 2530 2688 2846 3004 3162 3320 3478 3636 3794 3952 4110 4268 4426 4584 4742 4900 5058 5216 5374 5532 5690 5848 6006 6164 
Case #49: 2 8364238850 16728477698 25092716546 33456955394 41821194242 50185433090 58549671938 66913910786 75278149634 83642388482 92006627330 100370866178 108735105026 117099343874 125463582722 133827821570 142192060418 150556299266 158920538114 167284776962 175649015810 184013254658 192377493506 200741732354 209105971202 217470210050 225834448898 234198687746 242562926594 250927165442 259291404290 267655643138 276019881986 284384120834 292748359682 301112598530 309476837378 317841076226 326205315074 334569553922 342933792770 
Case #50: 2 
Case #51: 2 10978063490 21956126978 32934190466 43912253954 54890317442 65868380930 76846444418 87824507906 98802571394 109780634882 120758698370 131736761858 142714825346 153692888834 164670952322 175649015810 186627079298 197605142786 208583206274 219561269762 
Case #52: 2 86 170 254 338 422 506 590 674 758 842 926 1010 1094 1178 1262 1346 1430 1514 1598 1682 
Case #53: 2 10 
Case #54: 1 2 3 
Case #55: 1
Case #56: 1
Case #57: 2 700555001084444 1401110002168886 2101665003253328 2802220004337770 3502775005422212 4203330006506654 4903885007591096 5604440008675538 6304995009759980 7005550010844422 
Case #58: 2 8796093022210 
Case #59: 2 130 
Case #60: 2 100 198 296 
Case #61: 1 2 3 4 5 6 7 8 9 10 11 12 13 14 15 16 17 18 19 20 21 22 23 24 25 26 27 28 29 30 31 32 33 34 35 36 37 38 39 40 41 42 43 44 45 46 47 48 49 50 51 52 53 54 55 56 57 58 59 60 61 62 63 64 65 66 67 68 69 70 71 72 73 74 75 76 77 78 79 80 81 82 83 84 85 86 87 
Case #62: 1
Case #63: 2 3909794986388 7819589972774 11729384959160 15639179945546 19548974931932 23458769918318 27368564904704 31278359891090 35188154877476 39097949863862 43007744850248 46917539836634 50827334823020 54737129809406 58646924795792 62556719782178 66466514768564 70376309754950 74286104741336 78195899727722 82105694714108 86015489700494 89925284686880 93835079673266 97744874659652 101654669646038 105564464632424 109474259618810 
Case #64: 2 20002 40002 60002 80002 
Case #65: 2 190 378 566 754 942 1130 1318 1506 1694 1882 2070 2258 2446 2634 2822 3010 3198 3386 3574 3762 3950 4138 4326 4514 4702 4890 5078 5266 5454 5642 5830 6018 6206 6394 6582 6770 6958 7146 7334 7522 7710 7898 8086 8274 8462 8650 
Case #66: 2 724 1446 2168 2890 3612 4334 5056 5778 6500 
Case #67: 2 202 402 602 802 1002 1202 1402 1602 1802 2002 2202 2402 2602 2802 3002 3202 3402 3602 3802 4002 4202 4402 4602 4802 5002 5202 5402 5602 5802 6002 6202 6402 6602 6802 7002 7202 7402 7602 7802 8002 8202 8402 8602 8802 9002 9202 9402 9602 9802 
Case #68: 1 2 3 4 5 6 7 8 9 10 11 12 13 14 15 16 17 18 19 20 21 22 23 24 25 26 27 28 29 30 31 32 33 34 35 36 37 38 39 40 41 42 43 44 45 46 47 48 49 50 51 52 53 54 55 56 57 58 59 60 61 62 
Case #69: 1 2 3 4 5 6 7 8 9 10 11 12 13 14 15 16 17 18 19 20 21 22 23 24 25 26 27 
Case #70: 2 300189270593998244 
Case #71: 2 61035156252 122070312502 
Case #72: 2 3700 7398 11096 14794 18492 22190 25888 29586 33284 36982 40680 44378 48076 51774 55472 59170 62868 66566 70264 73962 77660 
Case #73: 2 7877961278336 15755922556670 23633883835004 31511845113338 39389806391672 47267767670006 55145728948340 63023690226674 70901651505008 78779612783342 86657574061676 94535535340010 102413496618344 110291457896678 118169419175012 126047380453346 133925341731680 141803303010014 149681264288348 157559225566682 165437186845016 173315148123350 181193109401684 189071070680018 196949031958352 204826993236686 212704954515020 220582915793354 228460877071688 236338838350022 244216799628356 
Case #74: 2 2000002 4000002 6000002 8000002 10000002 12000002 14000002 16000002 18000002 20000002 22000002 24000002 26000002 28000002 30000002 32000002 34000002 36000002 38000002 40000002 42000002 44000002 46000002 48000002 50000002 52000002 54000002 56000002 58000002 60000002 62000002 64000002 66000002 68000002 70000002 72000002 74000002 76000002 78000002 80000002 82000002 84000002 86000002 88000002 90000002 92000002 94000002 96000002 98000002 
Case #75: 2 654763868787924 1309527737575846 1964291606363768 2619055475151690 3273819343939612 3928583212727534 4583347081515456 5238110950303378 5892874819091300 6547638687879222 7202402556667144 7857166425455066 8511930294242988 9166694163030910 9821458031818832 10476221900606754 11130985769394676 11785749638182598 12440513506970520 13095277375758442 
Case #76: 2 
Case #77: 2 628866 1257730 1886594 2515458 3144322 3773186 4402050 5030914 5659778 6288642 6917506 7546370 8175234 8804098 9432962 10061826 10690690 11319554 11948418 12577282 13206146 13835010 14463874 15092738 15721602 16350466 16979330 17608194 18237058 18865922 19494786 20123650 20752514 
Case #78: 2 20 
Case #79: 2 1293980366900 2587960733798 3881941100696 5175921467594 6469901834492 7763882201390 9057862568288 10351842935186 11645823302084 12939803668982 14233784035880 15527764402778 16821744769676 18115725136574 19409705503472 20703685870370 21997666237268 23291646604166 24585626971064 25879607337962 27173587704860 28467568071758 29761548438656 31055528805554 32349509172452 33643489539350 34937469906248 36231450273146 37525430640044 38819411006942 40113391373840 41407371740738 42701352107636 43995332474534 45289312841432 46583293208330 47877273575228 49171253942126 50465234309024 51759214675922 53053195042820 54347175409718 55641155776616 56935136143514 58229116510412 59523096877310 
Case #80: 2 14623234 29246466 43869698 58492930 73116162 87739394 102362626 116985858 131609090 146232322 160855554 175478786 190102018 204725250 219348482 233971714 248594946 263218178 277841410 292464642 307087874 321711106 336334338 350957570 365580802 
Case #81: 2 1587429546508290 3174859093016578 4762288639524866 6349718186033154 7937147732541442 9524577279049730 
Case #82: 2 43829248864040644 87658497728081286 131487746592121928 175316995456162570 219146244320203212 262975493184243854 306804742048284496 350633990912325138 394463239776365780 438292488640406422 482121737504447064 
Case #83: 2 144115188075855874 
Case #84: 1 2 3 4 5 6 7 8 9 10 11 12 13 14 15 
Case #85: 2 4768371582031252 9536743164062502 
Case #86: 1 2 3 4 5 6 7 8 9 10 11 12 13 14 15 16 17 18 19 20 21 22 23 24 25 26 27 28 29 30 31 32 33 34 35 36 37 38 39 40 41 42 43 44 45 46 47 48 49 50 51 52 53 54 55 56 57 58 59 60 61 62 63 64 65 66 67 68 69 70 71 72 
Case #87: 2 125497036 250994070 376491104 501988138 627485172 752982206 
Case #88: 1 2 3 4 5 6 7 8 9 10 11 12 13 14 15 16 17 18 19 20 21 22 23 
Case #89: 1
Case #90: 2 436680211169794 873360422339586 1310040633509378 1746720844679170 2183401055848962 2620081267018754 3056761478188546 3493441689358338 3930121900528130 4366802111697922 4803482322867714 5240162534037506 5676842745207298 6113522956377090 6550203167546882 6986883378716674 7423563589886466 7860243801056258 8296924012226050 8733604223395842 9170284434565634 9606964645735426 10043644856905218 10480325068075010 10917005279244802 11353685490414594 11790365701584386 12227045912754178 12663726123923970 13100406335093762 
Case #91: 2 122 242 362 482 602 722 842 962 1082 1202 1322 1442 1562 1682 1802 1922 2042 2162 2282 2402 2522 2642 2762 2882 3002 3122 3242 3362 3482 
Case #92: 2 56 
Case #93: 2 28697816 57395630 86093444 114791258 143489072 172186886 200884700 229582514 258280328 286978142 315675956 344373770 373071584 
Case #94: 2 41943040000002 83886080000002 125829120000002 167772160000002 209715200000002 251658240000002 293601280000002 335544320000002 377487360000002 419430400000002 461373440000002 503316480000002 545259520000002 587202560000002 629145600000002 671088640000002 713031680000002 754974720000002 796917760000002 838860800000002 880803840000002 922746880000002 964689920000002 1006632960000002 1048576000000002 1090519040000002 1132462080000002 1174405120000002 1216348160000002 1258291200000002 1300234240000002 1342177280000002 1384120320000002 1426063360000002 1468006400000002 1509949440000002 1551892480000002 1593835520000002 1635778560000002 
Case #95: 2 2097154 4194306 6291458 8388610 10485762 12582914 14680066 
Case #96: 1
Case #97: 2 1235346792567896 
Case #98: 1 2 3 4 5 6 7 8 9 10 11 12 13 14 15 16 17 18 19 20 21 22 23 24 25 26 27 28 29 30 31 32 33 34 35 36 37 38 39 40 41 42 43 44 45 46 47 48 49 50 51 52 53 54 55 56 57 58 59 60 61 62 63 64 65 66 67 68 69 70 71 72 73 74 75 76 77 78 79 80 81 82 83 84 85 86 87 88 89 90 91 92 93 94 95 96 97 98 99 100 
Case #99: 2 194 386 578 770 962 1154 1346 1538 1730 1922 2114 2306 2498 2690 2882 3074 3266 3458 3650 3842 4034 4226 4418 4610 4802 4994 5186 5378 5570 5762 5954 6146 6338 6530 6722 6914 7106 7298 7490 7682 7874 8066 8258 8450 8642 8834 9026 
Case #100: 2 200000000000000002 400000000000000002 600000000000000002 800000000000000002 
