Case #1: CAB
Case #2: MJA
Case #3: OCDE
Case #4: BBAAA
Case #5: CCCABBBAB
Case #6: CCCBAABAB
Case #7: ZXCASDQWE
Case #8: CCCCCCABAAAABAA
Case #9: CCCCCABBBBBBBBB
Case #10: BAAA
Case #11: CCCCCCCCABABAAB
Case #12: CCCCCCBBBBABBBB
Case #13: CCCCCBBBBBAAAAA
Case #14: CCCCCCCCABBBBAB
Case #15: BAA
Case #16: CCCCCCCCBBAABBB
Case #17: CCCCCBBBBBAAAAA
Case #18: CCCCAABBBABBAAB
Case #19: ONKDBACFGHEJLMI
Case #20: MMKAGDCBAEFHIJL
Case #21: RRBAACADABA
Case #22: BBA
Case #23: CCCCCBBBBBAAAAA
Case #24: CCCCBBBAAAABAAB
Case #25: BA
Case #26: ZXLWDYKHFNSDTJV
Case #27: CCCCCBBBBBAAAAA
Case #28: A
Case #29: BBB
Case #30: BAAA
Case #31: CCCCCCCBBABAABB
Case #32: OMKBFDHCEJALING
Case #33: CCCCCBABABBAA
Case #34: OLHEAFIJCKNDGMB
Case #35: CCCCCCBBABBABAA
Case #36: CCCCBABABBBAABB
Case #37: BAA
Case #38: ZADBC
Case #39: CCCCCABBAAABBAB
Case #40: BBA
Case #41: ZABCD
Case #42: CCCCCBBBBBAAAAA
Case #43: DDCCCCBBAAABAB
Case #44: DDCBBBACCBCBCA
Case #45: BAAA
Case #46: CBA
Case #47: OINLKAHMGFEJCBD
Case #48: BA
Case #49: CCCCCAAAABBBBBA
Case #50: CCCCCBBBBAAAAAB
Case #51: BBBBBAAAAAAAA
Case #52: YXVTGRSLQFQFGHV
Case #53: OKAEJCIHFNBMLDG
Case #54: ZZZNNHLPVXKGMDX
Case #55: CBA
Case #56: CCCCCBBBBBAAAAA
Case #57: ZAYBXCWDUE
Case #58: ZDCBA
Case #59: AA
Case #60: BAAA
Case #61: BB
Case #62: ZABYCXDWEU
Case #63: CCCCCBBBAAAABAB
Case #64: CCCCCBBAAAAAB
Case #65: CAB
Case #66: OMNCLBKHIFGDEJA
Case #67: OHGAEDCBIJKLMFN
Case #68: CCCCCBAAAABABBB
Case #69: CBBBBBBBAAAAAA
Case #70: OHDLAJCMGFENIBK
Case #71: ZACBA
Case #72: CBA
Case #73: CCCCCBBBBBAAAAA
Case #74: CCCCCBAAAABBBBA
Case #75: DCBBBBAAAAAABB
Case #76: CCCCCCCBABABBAA
Case #77: MMLIHDCBAKJGFEA
Case #78: CBBBBBBBAAAAAA
Case #79: CCCCCBBBBBAAAAA
Case #80: DCCBBBBBAAAAAAA
Case #81: MMALKIGEDCBAFHJ
Case #82: MMKHGFCAALJIEDB
Case #83: ZDABC
Case #84: MMLKJIGFEAHDCBA
Case #85: XQMDLJPVWVSRQNN
Case #86: AAA
Case #87: ONMLKJIBAHEFGDC
Case #88: MMLFEDCABGHIJKA
Case #89: CBA
Case #90: ZEDCBAYXWU
Case #91: ZZZZNFPSFFGGRRB
Case #92: CCBBBBAAAAAAAA
Case #93: DCBBAAAAAACBC
Case #94: BAA
Case #95: CCCCCCCBABAABBB
Case #96: Z
Case #97: OMNLAEIHGFJDCBK
Case #98: BBA
Case #99: ZAAAA
Case #100: CCCCCCCBBBABAAA
