Case #1: BA BA
Case #2: A AA CB CB
Case #3: CC BA
Case #4: BB BA AC
Case #5: AA AB AB BC
Case #6: AA AB BC
Case #7: A AA AB BC BC
Case #8: BB BC BC CA
Case #9: BA BA BA BA
Case #10: AA CB
Case #11: BB BB CA CA
Case #12: C CB CB CB BA
Case #13: C CC CA AB AB
Case #14: B BB BC CA CA
Case #15: C CA CA AB
Case #16: CC CB CB BA
Case #17: CC CB BA
Case #18: CC CB BA BA
Case #19: CC CA CA AB
Case #20: AA AC AC CB
Case #21: B BB BA AC AC
Case #22: C CC BA BA BA
Case #23: B BA BA AC
Case #24: BB BC CA
Case #25: A AA AC CB CB
Case #26: CC CA AB AB
Case #27: BB CA
Case #28: C CA CA CA AB
Case #29: BB BA BA AC
Case #30: C CB BA
Case #31: BA BA BA
Case #32: CC CC BA BA
Case #33: AA AA CB CB
Case #34: BB BA AC AC
Case #35: C BA
Case #36: BA
Case #37: CC BA BA
Case #38: AA AC CB
Case #39: C CC CB BA BA
Case #40: C CC BA BA
Case #41: B BB CA CA
Case #42: C CB CB BA
Case #43: B BA AC
Case #44: B BA BA BA AC
Case #45: CC CA AB
Case #46: C CA AB
