Case #1: 19 20
Case #2: 023 023
Case #3: 0 0
Case #4: 05 00
Case #5: 019 065
Case #6: 99 90
Case #7: 078 078
Case #8: 802 802
Case #9: 009 050
Case #10: 139 170
Case #11: 469 474
Case #12: 700 700
Case #13: 050 019
Case #14: 010 009
Case #15: 90 90
Case #16: 09 09
Case #17: 110 079
Case #18: 318 300
Case #19: 040 009
Case #20: 09 99
Case #21: 960 499
Case #22: 380 380
Case #23: 909 910
Case #24: 104 209
Case #25: 100 069
Case #26: 099 090
Case #27: 090 059
Case #28: 089 120
Case #29: 180 180
Case #30: 05 05
Case #31: 075 035
Case #32: 198 099
Case #33: 988 993
Case #34: 092 098
Case #35: 076 076
Case #36: 5 5
Case #37: 302 198
Case #38: 039 071
Case #39: 99 09
Case #40: 303 303
Case #41: 044 029
Case #42: 00 00
Case #43: 090 062
Case #44: 343 605
Case #45: 050 009
Case #46: 059 090
Case #47: 130 099
Case #48: 159 161
Case #49: 730 727
Case #50: 190 169
Case #51: 069 100
Case #52: 003 008
Case #53: 099 200
Case #54: 99 99
Case #55: 988 992
Case #56: 471 472
Case #57: 626 626
Case #58: 99 99
Case #59: 809 809
Case #60: 400 199
Case #61: 568 564
Case #62: 507 510
Case #63: 389 410
Case #64: 99 99
Case #65: 90 90
Case #66: 099 909
Case #67: 099 130
Case #68: 99 95
Case #69: 100 100
Case #70: 990 909
Case #71: 070 070
Case #72: 5 5
Case #73: 00 00
Case #74: 531 239
Case #75: 090 099
Case #76: 029 070
Case #77: 308 310
Case #78: 583 565
Case #79: 019 050
Case #80: 370 339
Case #81: 081 081
Case #82: 09 05
Case #83: 009 009
Case #84: 849 880
Case #85: 049 090
Case #86: 068 068
Case #87: 05 09
Case #88: 090 049
Case #89: 009 009
Case #90: 09 09
Case #91: 039 080
Case #92: 634 634
Case #93: 093 098
Case #94: 382 382
Case #95: 609 611
Case #96: 0 0
Case #97: 780 499
Case #98: 95 95
Case #99: 990 990
Case #100: 979 987
Case #101: 498 900
Case #102: 397 760
Case #103: 073 073
Case #104: 721 679
Case #105: 756 753
Case #106: 060 019
Case #107: 09 10
Case #108: 99 99
Case #109: 830 870
Case #110: 0 0
Case #111: 95 95
Case #112: 070 029
Case #113: 95 99
Case #114: 960 899
Case #115: 824 799
Case #116: 00 00
Case #117: 90 90
Case #118: 500 500
Case #119: 992 988
Case #120: 094 094
Case #121: 00 00
Case #122: 910 909
Case #123: 039 070
Case #124: 160 169
Case #125: 572 572
Case #126: 9 9
Case #127: 322 322
Case #128: 704 494
Case #129: 05 05
Case #130: 060 029
Case #131: 098 093
Case #132: 120 089
Case #133: 800 800
Case #134: 007 004
Case #135: 890 890
Case #136: 900 900
Case #137: 207 206
Case #138: 599 903
Case #139: 029 060
Case #140: 049 080
Case #141: 800 699
Case #142: 080 049
Case #143: 716 716
Case #144: 09 09
Case #145: 009 040
Case #146: 070 039
Case #147: 602 602
Case #148: 020 020
Case #149: 90 99
Case #150: 10 09
Case #151: 99 99
Case #152: 199 199
Case #153: 90 90
Case #154: 400 371
Case #155: 377 374
Case #156: 003 003
Case #157: 087 021
Case #158: 203 203
Case #159: 993 988
Case #160: 00 00
Case #161: 00 00
Case #162: 800 192
Case #163: 05 10
Case #164: 319 556
Case #165: 345 325
Case #166: 080 039
Case #167: 006 002
Case #168: 390 770
Case #169: 800 800
Case #170: 757 763
Case #171: 00 05
Case #172: 203 203
Case #173: 05 05
Case #174: 99 99
Case #175: 092 093
Case #176: 019 060
Case #177: 9 9
Case #178: 90 09
Case #179: 99 99
Case #180: 00 00
Case #181: 407 411
Case #182: 400 400
Case #183: 807 810
Case #184: 300 300
Case #185: 09 09
Case #186: 05 05
Case #187: 000 000
Case #188: 93 88
Case #189: 503 513
Case #190: 909 990
Case #191: 227 227
Case #192: 270 270
Case #193: 10 05
Case #194: 09 90
Case #195: 079 110
Case #196: 284 285
Case #197: 99 99
Case #198: 051 047
Case #199: 690 096
Case #200: 88 93
