11173
789082
197811
34896
307796
617735
127007
124710
302878
206299
74337
217818
30788
212146
150594
50546
1087
40711
103897
605281
222418
272350
454842
145003
32482
15620
283113
107334
573826
356317
206161
868417
200332
314
97219
189139
606706
63711
423097
59267
19089
800922
129892
148482
193163
345068
2092
349969
147846
154346
598753
683531
506
43886
89143
539001
191983
31666
431185
110641
155663
265534
320953
819
152097
10264
1210
437237
22815
42119
15724
205624
5943
209098
110098
141326
148254
188057
152217
403513
226631
343096
11392
504452
54949
2206
330526
518008
654353
474754
242101
305781
384993
111060
65971
106389
109693
33809
566986
23461
418032
3429
738092
624271
180088
79024
272772
10381
211969
183419
91350
246074
38285
675325
292890
81601
924841
212941
723830
727519
276313
687311
318625
263293
299409
14165
78594
735223
434242
1476
408034
259801
132636
166780
32721
595941
136543
807797
535850
41021
297084
358029
345111
33945
572419
89760
201178
130194
14958
41846
101310
385610
13675
530519
424803
307044
474907
28952
177449
35877
3771
142114
51059
767671
122458
74563
81591
313657
366815
256290
10902
65295
161832
234899
62619
427836
58937
14526
21429
25024
818737
707364
62451
331249
267063
35725
437689
279111
123145
389
363749
29878
4201
150301
177690
72561
460409
931
92331
200101
77505
1681
473780
98105
684755
286729
56506
14770
79096
96853
215819
51841
644121
423329
5362
945131
7041
156633
789767
48883
70592
303953
526656
772381
174946
65187
487617
371532
542877
291973
259603
109280
129137
38427
139189
557068
688462
858287
145849
811006
96457
89261
138544
112180
12079
25089
366385
11146
229282
236009
529811
66408
117211
448161
35109
122258
4075
377734
542622
763169
50329
188735
216637
794323
231153
466007
247649
130576
66651
319499
208063
181191
403660
423416
855
413637
339107
103015
202708
293921
40881
228136
31827
513385
302239
336828
253045
166979
123087
120293
1853
49924
580793
389277
367793
416987
521110
409564
3236
434183
25306
659445
63206
103121
581399
821030
593539
202291
69826
85641
30564
183472
315525
182051
143344
807885
465567
356085
264871
23335
240554
238836
108850
626176
141467
143756
675465
372601
190375
301351
232633
300231
105216
589678
280840
151581
23417
523251
97323
399037
308165
90946
96123
36215
552319
236830
294280
564388
42579
86716
478315
71789
264653
52519
152686
255740
90877
342329
251351
328834
66441
168725
766414
483443
108314
14517
268044
178575
1424
3972
487831
169002
375824
354577
439315
677083
105907
290521
108369
288780
547186
285205
85735
4319
791620
40217
24782
42701
14569
455977
531239
133928
98423
553073
28855
431813
369671
22054
333820
333319
96892
308325
300605
480585
399231
58789
54481
206203
35824
347534
443141
17158
491589
328336
54720
516370
200393
163297
635623
119583
650261
496693
409582
149741
93791
349933
405699
676394
331156
587827
19441
385806
62921
176087
564501
113520
626662
258325
110934
568445
431114
377081
410822
558251
107
137861
123889
251805
144544
116674
276195
156633
558622
174943
615271
714441
375927
813955
7931
225881
163355
106771
622372
131565
11368
39569
313684
110824
406756
378951
543063
132831
81687
109026
723772
764444
18793
268613
90645
8976
28233
347597
85913
112543
13748
67288
613441
59413
70316
345840
1
19101
607411
771974
85477
397747
41977
171446
65942
208555
492503
15156
346826
3563
388739
117140
389857
230129
387330
187371
62723
99744
19912
47049
313309
71601
884206
739373
425265
147951
117502
926287
35693
63023
343227
10169
65998
331115
217941
155272
6352
92311
317340
52924
740958
205998
327230
574001
27035
224374
115966
295135
287938
21041
71013
96980
229445
3095
360353
243461
666509
8449
387796
736778
322656
2209
372947
541286
77466
332962
141809
69049
350
15727
346475
807993
12651
162397
3761
104836
30471
422721
21154
152454
4526
78477
377621
636019
174108
644124
720673
236560
85099
153556
30383
221974
499748
198065
97138
129898
392733
1253
2807
336659
65681
117861
239146
275410
664386
459819
38701
26746
492121
288284
303363
2421
121315
81416
6400
331999
159520
301023
245944
375638
333051
460455
360524
332891
768226
378534
153118
19237
113746
7215
18910
444599
154515
528075
187631
81109
63358
588970
106591
135975
251041
47812
512373
109695
103531
594008
224893
170499
453255
668396
522999
758825
406866
51124
388174
59206
65586
157099
74792
137554
874296
363313
820823
884513
377553
296905
551557
377653
563240
82996
11432
109176
38548
28361
70745
201826
538175
10297
687883
21212
565561
222496
171473
32481
29621
19889
16066
52342
68069
183161
624807
254390
33413
109987
53179
893654
456231
271486
682717
10177
489212
127381
129723
148588
267687
816646
509321
177713
40756
2926
85009
389726
306087
9556
51385
306173
185591
198357
331746
93271
111156
96819
363583
657974
494796
220273
249211
411669
123994
938111
757661
397319
92161
19881
40981
242161
13197
31783
557506
91344
642349
26895
311987
245001
347873
25537
265707
64240
19049
58767
433893
67084
368881
98329
558744
70990
119375
300553
306843
2414
448894
275846
707273
130461
317394
68265
672761
321873
347251
201835
714011
290371
747115
31657
17
878320
282004
143173
61489
41023
632818
328633
137446
690856
168690
349057
17227
586567
300599
161136
454552
136228
159083
827
180049
393789
507801
3834
167708
897314
753707
11131
119921
119036
196524
50339
47309
101722
240799
39036
425755
675811
776722
50795
649532
32496
16662
76815
33121
375707
235090
42696
39690
216036
295222
35377
569611
7369
94873
101648
236207
445105
245281
118335
665672
35260
116299
94734
126793
722171
188068
370722
2597
937751
207964
351790
695236
602159
419113
467733
46576
551202
323104
630121
492401
157767
574897
785558
223907
724993
586894
20201
229071
3375
349161
13553
569801
764959
109864
52422
329007
795120
526706
120225
222421
421730
385649
98955
168963
17785
137799
241439
63751
456249
140428
22829
142981
25052
10761
284327
51743
166001
228266
555236
109615
132483
233403
163664
526219
58273
669836
187091
51018
304576
204446
44446
60712
28465
197808
738092
266854
73801
181229
526312
701396
478205
33502
256178
227843
293515
379687
115201
322852
820027
16487
1164
1978
140032
123889
218977
739255
8789
282101
369808
296057
395403
19820
23213
464081
227493
180272
104963
292384
117549
14265
591858
679060
142192
418131
119651
77975
198184
130790
458945
114555
172167
72109
68060
74743
6379
504043
61169
9173
322191
414566
42466
708192
28368
76556
221915
31034
12321
37585
197613
326480
168022
95233
539846
260371
413425
191300
6634
16108
38438
56990
549323
514048
300027
821885
300309
178705
315397
695581
148981
749
56095
372758
101365
2168
157831
437726
201673
353794
398640
71923
652304